2025-04-06 20:48:06,422 - root - INFO - Logging configured. Log file: c:\Users\catas\Desktop\GraphNIST-1\src\logs\graphnist_20250406_204806.log
2025-04-06 20:48:06,435 - views.main_window - INFO - Application icon loaded from: c:\Users\catas\Desktop\GraphNIST-1\src\resources\icons\svg\shield_logo.svg
2025-04-06 20:48:06,437 - views.canvas.modes.select_mode - DEBUG - SelectMode: Activated
2025-04-06 20:48:06,437 - views.canvas.canvas - INFO - Canvas: Switching to mode Select Mode
2025-04-06 20:48:06,449 - utils.icon_manager - DEBUG - Trying to load icon: select_tool
2025-04-06 20:48:06,449 - utils.icon_manager - DEBUG - Found icon at absolute path: c:\Users\catas\Desktop\GraphNIST-1\src\resources\icons\svg\select_tool.svg
2025-04-06 20:48:06,449 - utils.icon_manager - DEBUG - Trying to load icon: add_device
2025-04-06 20:48:06,451 - utils.icon_manager - DEBUG - Found icon at absolute path: c:\Users\catas\Desktop\GraphNIST-1\src\resources\icons\svg\add_device.svg
2025-04-06 20:48:06,451 - utils.icon_manager - DEBUG - Trying to load icon: add_connection
2025-04-06 20:48:06,451 - utils.icon_manager - DEBUG - Found icon at absolute path: c:\Users\catas\Desktop\GraphNIST-1\src\resources\icons\svg\add_connection.svg
2025-04-06 20:48:06,452 - utils.icon_manager - DEBUG - Trying to load icon: add_boundary
2025-04-06 20:48:06,452 - utils.icon_manager - DEBUG - Found icon at absolute path: c:\Users\catas\Desktop\GraphNIST-1\src\resources\icons\svg\add_boundary.svg
2025-04-06 20:48:06,452 - utils.icon_manager - DEBUG - Trying to load icon: delete
2025-04-06 20:48:06,452 - utils.icon_manager - DEBUG - Found icon at absolute path: c:\Users\catas\Desktop\GraphNIST-1\src\resources\icons\svg\delete.svg
2025-04-06 20:48:06,452 - utils.icon_manager - DEBUG - Trying to load icon: copy
2025-04-06 20:48:06,453 - utils.icon_manager - DEBUG - Found icon at absolute path: c:\Users\catas\Desktop\GraphNIST-1\src\resources\icons\svg\copy.svg
2025-04-06 20:48:06,453 - utils.icon_manager - DEBUG - Trying to load icon: paste
2025-04-06 20:48:06,453 - utils.icon_manager - DEBUG - Found icon at absolute path: c:\Users\catas\Desktop\GraphNIST-1\src\resources\icons\svg\paste.svg
2025-04-06 20:48:06,453 - utils.icon_manager - DEBUG - Trying to load icon: connection_straight
2025-04-06 20:48:06,454 - utils.icon_manager - DEBUG - Found icon at absolute path: c:\Users\catas\Desktop\GraphNIST-1\src\resources\icons\svg\connection_straight.svg
2025-04-06 20:48:06,454 - utils.icon_manager - DEBUG - Trying to load icon: connection_orthogonal
2025-04-06 20:48:06,454 - utils.icon_manager - DEBUG - Found icon at absolute path: c:\Users\catas\Desktop\GraphNIST-1\src\resources\icons\svg\connection_orthogonal.svg
2025-04-06 20:48:06,454 - utils.icon_manager - DEBUG - Trying to load icon: connection_curved
2025-04-06 20:48:06,454 - utils.icon_manager - DEBUG - Found icon at absolute path: c:\Users\catas\Desktop\GraphNIST-1\src\resources\icons\svg\connection_curved.svg
2025-04-06 20:48:06,455 - utils.icon_manager - DEBUG - Trying to load icon: align
2025-04-06 20:48:06,455 - utils.icon_manager - DEBUG - Found icon at absolute path: c:\Users\catas\Desktop\GraphNIST-1\src\resources\icons\svg\align.svg
2025-04-06 20:48:06,455 - utils.icon_manager - DEBUG - Trying to load icon: magnify
2025-04-06 20:48:06,455 - utils.icon_manager - DEBUG - Found icon at absolute path: c:\Users\catas\Desktop\GraphNIST-1\src\resources\icons\svg\magnify.svg
2025-04-06 20:48:06,456 - utils.icon_manager - DEBUG - Trying to load icon: zoom_in
2025-04-06 20:48:06,456 - utils.icon_manager - DEBUG - Found icon at absolute path: c:\Users\catas\Desktop\GraphNIST-1\src\resources\icons\svg\zoom_in.svg
2025-04-06 20:48:06,456 - utils.icon_manager - DEBUG - Trying to load icon: zoom_out
2025-04-06 20:48:06,456 - utils.icon_manager - DEBUG - Found icon at absolute path: c:\Users\catas\Desktop\GraphNIST-1\src\resources\icons\svg\zoom_out.svg
2025-04-06 20:48:06,457 - utils.icon_manager - DEBUG - Trying to load icon: zoom_reset
2025-04-06 20:48:06,457 - utils.icon_manager - DEBUG - Found icon at absolute path: c:\Users\catas\Desktop\GraphNIST-1\src\resources\icons\svg\zoom_reset.svg
2025-04-06 20:48:06,636 - views.main_window - INFO - Mode changed to: select
2025-04-06 20:48:06,955 - views.main_window - INFO - Properties controller initialized
2025-04-06 20:48:09,551 - views.canvas.modes.select_mode - DEBUG - SelectMode: Deactivated
2025-04-06 20:48:09,551 - views.canvas.canvas - INFO - Canvas: Switching to mode AddDeviceMode
2025-04-06 20:48:09,847 - views.canvas.modes.add_device_mode - DEBUG - AddDeviceMode: Adding device at -90.0, -134.0
2025-04-06 20:48:09,847 - controllers.device_controller - INFO - Explicitly opening device dialog for adding a new device
2025-04-06 20:48:09,848 - views.device_dialog - CRITICAL - DIALOG DEBUG: DeviceDialog constructor called with device: None
2025-04-06 20:48:11,019 - controllers.undo_redo_manager - DEBUG - UNDO_REDO: Checked is_in_command_execution, result=False
2025-04-06 20:48:11,019 - controllers.undo_redo_manager - DEBUG - UNDO_REDO: Pushing command AddDeviceCommand: Add router Device
2025-04-06 20:48:11,019 - controllers.undo_redo_manager - DEBUG - UNDO_REDO: Set is_executing_command to True (was False)
2025-04-06 20:48:11,019 - controllers.commands - DEBUG - CMD: AddDeviceCommand execute for  1, in_bulk_creation=False
2025-04-06 20:48:11,020 - models.device - DEBUG - Custom icon path set to: None
2025-04-06 20:48:11,021 - models.device - INFO - ICON DEBUG: Current working directory: c:\Users\catas\Desktop\GraphNIST-1\src
2025-04-06 20:48:11,022 - models.device - INFO - ICON DEBUG: Application directory: c:\Users\catas\Desktop\GraphNIST-1\src
2025-04-06 20:48:11,022 - models.device - INFO - ICON DEBUG: Searching in icon folders: ['c:\\Users\\catas\\Desktop\\GraphNIST-1\\src\\resources\\icons', 'c:\\Users\\catas\\Desktop\\GraphNIST-1\\src\\resources\\icons\\svg', 'c:\\Users\\catas\\Desktop\\GraphNIST-1\\src\\..\\resources\\icons']
2025-04-06 20:48:11,022 - models.device - INFO - ICON DEBUG: Checking type icon at: c:\Users\catas\Desktop\GraphNIST-1\src\resources\icons\router.svg
2025-04-06 20:48:11,022 - models.device - INFO - ICON DEBUG: Checking type icon at: c:\Users\catas\Desktop\GraphNIST-1\src\resources\icons\router.svg
2025-04-06 20:48:11,023 - models.device - INFO - ICON DEBUG: Checking type icon at: c:\Users\catas\Desktop\GraphNIST-1\src\resources\icons\ROUTER.svg
2025-04-06 20:48:11,023 - models.device - INFO - ICON DEBUG: Checking type icon at: c:\Users\catas\Desktop\GraphNIST-1\src\resources\icons\Router.svg
2025-04-06 20:48:11,023 - models.device - INFO - ICON DEBUG: Checking type icon at: c:\Users\catas\Desktop\GraphNIST-1\src\resources\icons\svg\router.svg
2025-04-06 20:48:11,023 - models.device - INFO - ICON DEBUG: Found type icon at: c:\Users\catas\Desktop\GraphNIST-1\src\resources\icons\svg\router.svg
2025-04-06 20:48:11,023 - models.device - INFO - ICON DEBUG: Attempting to load icon from: c:\Users\catas\Desktop\GraphNIST-1\src\resources\icons\svg\router.svg
2025-04-06 20:48:11,024 - models.device - INFO - ICON DEBUG: Successfully loaded SVG icon from c:\Users\catas\Desktop\GraphNIST-1\src\resources\icons\svg\router.svg
2025-04-06 20:48:11,024 - models.device - DEBUG - Forcing WHITE text color for device  1 in DARK mode
2025-04-06 20:48:11,024 - models.device - DEBUG - UPDATE PROPS DEBUG: Updating property labels for ' 1', current count: 0
2025-04-06 20:48:11,024 - models.device - DEBUG - UPDATE PROPS DEBUG: Found 0 properties to display: []
2025-04-06 20:48:11,024 - models.device - DEBUG - UPDATE PROPS DEBUG: Updating property labels for ' 1', current count: 0
2025-04-06 20:48:11,024 - models.device - DEBUG - UPDATE PROPS DEBUG: Found 0 properties to display: []
2025-04-06 20:48:11,026 - models.device - DEBUG - UPDATE PROPS DEBUG: Updating property labels for ' 1', current count: 0
2025-04-06 20:48:11,026 - models.device - DEBUG - UPDATE PROPS DEBUG: Found 0 properties to display: []
2025-04-06 20:48:11,026 - controllers.commands - DEBUG - CMD: Created device  1 through command execution
2025-04-06 20:48:11,026 - controllers.undo_redo_manager - DEBUG - UNDO_REDO: Restored is_executing_command to False
2025-04-06 20:48:11,026 - controllers.undo_redo_manager - DEBUG - UNDO_REDO: Command executed and pushed to stack (stack size: 1)
