2025-04-06 21:14:44,063 - root - INFO - Logging configured. Log file: c:\Users\catas\Desktop\GraphNIST-1\src\logs\graphnist_20250406_211444.log
2025-04-06 21:14:44,077 - views.main_window - INFO - Application icon loaded from: c:\Users\catas\Desktop\GraphNIST-1\src\resources\icons\svg\shield_logo.svg
2025-04-06 21:14:44,078 - views.canvas.modes.select_mode - DEBUG - SelectMode: Activated
2025-04-06 21:14:44,078 - views.canvas.canvas - INFO - Canvas: Switching to mode Select Mode
2025-04-06 21:14:44,092 - utils.icon_manager - DEBUG - Trying to load icon: select_tool
2025-04-06 21:14:44,093 - utils.icon_manager - DEBUG - Found icon at absolute path: c:\Users\catas\Desktop\GraphNIST-1\src\resources\icons\svg\select_tool.svg
2025-04-06 21:14:44,093 - utils.icon_manager - DEBUG - Trying to load icon: add_device
2025-04-06 21:14:44,093 - utils.icon_manager - DEBUG - Found icon at absolute path: c:\Users\catas\Desktop\GraphNIST-1\src\resources\icons\svg\add_device.svg
2025-04-06 21:14:44,094 - utils.icon_manager - DEBUG - Trying to load icon: add_connection
2025-04-06 21:14:44,094 - utils.icon_manager - DEBUG - Found icon at absolute path: c:\Users\catas\Desktop\GraphNIST-1\src\resources\icons\svg\add_connection.svg
2025-04-06 21:14:44,094 - utils.icon_manager - DEBUG - Trying to load icon: add_boundary
2025-04-06 21:14:44,094 - utils.icon_manager - DEBUG - Found icon at absolute path: c:\Users\catas\Desktop\GraphNIST-1\src\resources\icons\svg\add_boundary.svg
2025-04-06 21:14:44,095 - utils.icon_manager - DEBUG - Trying to load icon: delete
2025-04-06 21:14:44,095 - utils.icon_manager - DEBUG - Found icon at absolute path: c:\Users\catas\Desktop\GraphNIST-1\src\resources\icons\svg\delete.svg
2025-04-06 21:14:44,095 - utils.icon_manager - DEBUG - Trying to load icon: copy
2025-04-06 21:14:44,095 - utils.icon_manager - DEBUG - Found icon at absolute path: c:\Users\catas\Desktop\GraphNIST-1\src\resources\icons\svg\copy.svg
2025-04-06 21:14:44,096 - utils.icon_manager - DEBUG - Trying to load icon: paste
2025-04-06 21:14:44,096 - utils.icon_manager - DEBUG - Found icon at absolute path: c:\Users\catas\Desktop\GraphNIST-1\src\resources\icons\svg\paste.svg
2025-04-06 21:14:44,096 - utils.icon_manager - DEBUG - Trying to load icon: connection_straight
2025-04-06 21:14:44,096 - utils.icon_manager - DEBUG - Found icon at absolute path: c:\Users\catas\Desktop\GraphNIST-1\src\resources\icons\svg\connection_straight.svg
2025-04-06 21:14:44,097 - utils.icon_manager - DEBUG - Trying to load icon: connection_orthogonal
2025-04-06 21:14:44,097 - utils.icon_manager - DEBUG - Found icon at absolute path: c:\Users\catas\Desktop\GraphNIST-1\src\resources\icons\svg\connection_orthogonal.svg
2025-04-06 21:14:44,097 - utils.icon_manager - DEBUG - Trying to load icon: connection_curved
2025-04-06 21:14:44,097 - utils.icon_manager - DEBUG - Found icon at absolute path: c:\Users\catas\Desktop\GraphNIST-1\src\resources\icons\svg\connection_curved.svg
2025-04-06 21:14:44,097 - utils.icon_manager - DEBUG - Trying to load icon: align
2025-04-06 21:14:44,098 - utils.icon_manager - DEBUG - Found icon at absolute path: c:\Users\catas\Desktop\GraphNIST-1\src\resources\icons\svg\align.svg
2025-04-06 21:14:44,098 - utils.icon_manager - DEBUG - Trying to load icon: magnify
2025-04-06 21:14:44,098 - utils.icon_manager - DEBUG - Found icon at absolute path: c:\Users\catas\Desktop\GraphNIST-1\src\resources\icons\svg\magnify.svg
2025-04-06 21:14:44,098 - utils.icon_manager - DEBUG - Trying to load icon: zoom_in
2025-04-06 21:14:44,098 - utils.icon_manager - DEBUG - Found icon at absolute path: c:\Users\catas\Desktop\GraphNIST-1\src\resources\icons\svg\zoom_in.svg
2025-04-06 21:14:44,099 - utils.icon_manager - DEBUG - Trying to load icon: zoom_out
2025-04-06 21:14:44,099 - utils.icon_manager - DEBUG - Found icon at absolute path: c:\Users\catas\Desktop\GraphNIST-1\src\resources\icons\svg\zoom_out.svg
2025-04-06 21:14:44,099 - utils.icon_manager - DEBUG - Trying to load icon: zoom_reset
2025-04-06 21:14:44,099 - utils.icon_manager - DEBUG - Found icon at absolute path: c:\Users\catas\Desktop\GraphNIST-1\src\resources\icons\svg\zoom_reset.svg
2025-04-06 21:14:44,320 - views.main_window - INFO - Mode changed to: select
2025-04-06 21:14:44,685 - views.main_window - INFO - Properties controller initialized
2025-04-06 21:14:48,208 - views.canvas.modes.select_mode - DEBUG - SelectMode: Deactivated
2025-04-06 21:14:48,208 - views.canvas.canvas - INFO - Canvas: Switching to mode AddDeviceMode
2025-04-06 21:14:48,435 - views.canvas.modes.add_device_mode - DEBUG - AddDeviceMode: Adding device at -114.0, -80.0
2025-04-06 21:14:48,435 - controllers.device_controller - INFO - Explicitly opening device dialog for adding a new device
2025-04-06 21:14:48,435 - views.device_dialog - CRITICAL - DIALOG DEBUG: DeviceDialog constructor called with device: None
2025-04-06 21:14:49,379 - controllers.undo_redo_manager - DEBUG - UNDO_REDO: Checked is_in_command_execution, result=False
2025-04-06 21:14:49,379 - controllers.undo_redo_manager - DEBUG - UNDO_REDO: Pushing command AddDeviceCommand: Add router Device
2025-04-06 21:14:49,379 - controllers.undo_redo_manager - DEBUG - UNDO_REDO: Set is_executing_command to True (was False)
2025-04-06 21:14:49,379 - controllers.commands - DEBUG - CMD: AddDeviceCommand execute for  1, in_bulk_creation=False
2025-04-06 21:14:49,379 - models.device - DEBUG - Custom icon path set to: None
2025-04-06 21:14:49,381 - models.device - INFO - ICON DEBUG: Current working directory: c:\Users\catas\Desktop\GraphNIST-1\src
2025-04-06 21:14:49,381 - models.device - INFO - ICON DEBUG: Application directory: c:\Users\catas\Desktop\GraphNIST-1\src
2025-04-06 21:14:49,381 - models.device - INFO - ICON DEBUG: Searching in icon folders: ['c:\\Users\\catas\\Desktop\\GraphNIST-1\\src\\resources\\icons', 'c:\\Users\\catas\\Desktop\\GraphNIST-1\\src\\resources\\icons\\svg', 'c:\\Users\\catas\\Desktop\\GraphNIST-1\\src\\..\\resources\\icons']
2025-04-06 21:14:49,382 - models.device - INFO - ICON DEBUG: Checking type icon at: c:\Users\catas\Desktop\GraphNIST-1\src\resources\icons\router.svg
2025-04-06 21:14:49,382 - models.device - INFO - ICON DEBUG: Checking type icon at: c:\Users\catas\Desktop\GraphNIST-1\src\resources\icons\router.svg
2025-04-06 21:14:49,382 - models.device - INFO - ICON DEBUG: Checking type icon at: c:\Users\catas\Desktop\GraphNIST-1\src\resources\icons\ROUTER.svg
2025-04-06 21:14:49,382 - models.device - INFO - ICON DEBUG: Checking type icon at: c:\Users\catas\Desktop\GraphNIST-1\src\resources\icons\Router.svg
2025-04-06 21:14:49,382 - models.device - INFO - ICON DEBUG: Checking type icon at: c:\Users\catas\Desktop\GraphNIST-1\src\resources\icons\svg\router.svg
2025-04-06 21:14:49,383 - models.device - INFO - ICON DEBUG: Found type icon at: c:\Users\catas\Desktop\GraphNIST-1\src\resources\icons\svg\router.svg
2025-04-06 21:14:49,383 - models.device - INFO - ICON DEBUG: Attempting to load icon from: c:\Users\catas\Desktop\GraphNIST-1\src\resources\icons\svg\router.svg
2025-04-06 21:14:49,390 - models.device - INFO - ICON DEBUG: Successfully loaded SVG icon from c:\Users\catas\Desktop\GraphNIST-1\src\resources\icons\svg\router.svg
2025-04-06 21:14:49,390 - models.device - DEBUG - Setting BLACK text color for device  1 in LIGHT mode
2025-04-06 21:14:49,390 - models.device - DEBUG - UPDATE PROPS DEBUG: Updating property labels for ' 1', current count: 0
2025-04-06 21:14:49,390 - models.device - DEBUG - UPDATE PROPS DEBUG: Found 0 properties to display: []
2025-04-06 21:14:49,390 - models.device - DEBUG - UPDATE PROPS DEBUG: Updating property labels for ' 1', current count: 0
2025-04-06 21:14:49,390 - models.device - DEBUG - UPDATE PROPS DEBUG: Found 0 properties to display: []
2025-04-06 21:14:49,394 - models.device - DEBUG - UPDATE PROPS DEBUG: Updating property labels for ' 1', current count: 0
2025-04-06 21:14:49,394 - models.device - DEBUG - UPDATE PROPS DEBUG: Found 0 properties to display: []
2025-04-06 21:14:49,394 - controllers.commands - DEBUG - CMD: Created device  1 through command execution
2025-04-06 21:14:49,394 - controllers.undo_redo_manager - DEBUG - UNDO_REDO: Restored is_executing_command to False
2025-04-06 21:14:49,394 - controllers.undo_redo_manager - DEBUG - UNDO_REDO: Command executed and pushed to stack (stack size: 1)
2025-04-06 21:14:49,682 - views.canvas.modes.add_device_mode - DEBUG - AddDeviceMode: Adding device at 51.0, 100.0
2025-04-06 21:14:49,682 - controllers.device_controller - INFO - Explicitly opening device dialog for adding a new device
2025-04-06 21:14:49,682 - views.device_dialog - CRITICAL - DIALOG DEBUG: DeviceDialog constructor called with device: None
2025-04-06 21:14:50,648 - controllers.undo_redo_manager - DEBUG - UNDO_REDO: Checked is_in_command_execution, result=False
2025-04-06 21:14:50,649 - controllers.undo_redo_manager - DEBUG - UNDO_REDO: Pushing command AddDeviceCommand: Add router Device
2025-04-06 21:14:50,649 - controllers.undo_redo_manager - DEBUG - UNDO_REDO: Set is_executing_command to True (was False)
2025-04-06 21:14:50,649 - controllers.commands - DEBUG - CMD: AddDeviceCommand execute for  2, in_bulk_creation=False
2025-04-06 21:14:50,649 - models.device - DEBUG - Custom icon path set to: None
2025-04-06 21:14:50,649 - models.device - INFO - ICON DEBUG: Current working directory: c:\Users\catas\Desktop\GraphNIST-1\src
2025-04-06 21:14:50,649 - models.device - INFO - ICON DEBUG: Application directory: c:\Users\catas\Desktop\GraphNIST-1\src
2025-04-06 21:14:50,650 - models.device - INFO - ICON DEBUG: Searching in icon folders: ['c:\\Users\\catas\\Desktop\\GraphNIST-1\\src\\resources\\icons', 'c:\\Users\\catas\\Desktop\\GraphNIST-1\\src\\resources\\icons\\svg', 'c:\\Users\\catas\\Desktop\\GraphNIST-1\\src\\..\\resources\\icons']
2025-04-06 21:14:50,650 - models.device - INFO - ICON DEBUG: Checking type icon at: c:\Users\catas\Desktop\GraphNIST-1\src\resources\icons\router.svg
2025-04-06 21:14:50,650 - models.device - INFO - ICON DEBUG: Checking type icon at: c:\Users\catas\Desktop\GraphNIST-1\src\resources\icons\router.svg
2025-04-06 21:14:50,650 - models.device - INFO - ICON DEBUG: Checking type icon at: c:\Users\catas\Desktop\GraphNIST-1\src\resources\icons\ROUTER.svg
2025-04-06 21:14:50,650 - models.device - INFO - ICON DEBUG: Checking type icon at: c:\Users\catas\Desktop\GraphNIST-1\src\resources\icons\Router.svg
2025-04-06 21:14:50,650 - models.device - INFO - ICON DEBUG: Checking type icon at: c:\Users\catas\Desktop\GraphNIST-1\src\resources\icons\svg\router.svg
2025-04-06 21:14:50,651 - models.device - INFO - ICON DEBUG: Found type icon at: c:\Users\catas\Desktop\GraphNIST-1\src\resources\icons\svg\router.svg
2025-04-06 21:14:50,651 - models.device - INFO - ICON DEBUG: Attempting to load icon from: c:\Users\catas\Desktop\GraphNIST-1\src\resources\icons\svg\router.svg
2025-04-06 21:14:50,651 - models.device - INFO - ICON DEBUG: Successfully loaded SVG icon from c:\Users\catas\Desktop\GraphNIST-1\src\resources\icons\svg\router.svg
2025-04-06 21:14:50,651 - models.device - DEBUG - Setting BLACK text color for device  2 in LIGHT mode
2025-04-06 21:14:50,652 - models.device - DEBUG - UPDATE PROPS DEBUG: Updating property labels for ' 2', current count: 0
2025-04-06 21:14:50,652 - models.device - DEBUG - UPDATE PROPS DEBUG: Found 0 properties to display: []
2025-04-06 21:14:50,652 - models.device - DEBUG - UPDATE PROPS DEBUG: Updating property labels for ' 2', current count: 0
2025-04-06 21:14:50,652 - models.device - DEBUG - UPDATE PROPS DEBUG: Found 0 properties to display: []
2025-04-06 21:14:50,652 - models.device - DEBUG - UPDATE PROPS DEBUG: Updating property labels for ' 2', current count: 0
2025-04-06 21:14:50,652 - models.device - DEBUG - UPDATE PROPS DEBUG: Found 0 properties to display: []
2025-04-06 21:14:50,652 - controllers.commands - DEBUG - CMD: Created device  2 through command execution
2025-04-06 21:14:50,652 - controllers.undo_redo_manager - DEBUG - UNDO_REDO: Restored is_executing_command to False
2025-04-06 21:14:50,652 - controllers.undo_redo_manager - DEBUG - UNDO_REDO: Command executed and pushed to stack (stack size: 2)
2025-04-06 21:14:50,950 - views.canvas.modes.add_device_mode - DEBUG - AddDeviceMode: Adding device at -265.0, 0.0
2025-04-06 21:14:50,950 - controllers.device_controller - INFO - Explicitly opening device dialog for adding a new device
2025-04-06 21:14:50,950 - views.device_dialog - CRITICAL - DIALOG DEBUG: DeviceDialog constructor called with device: None
2025-04-06 21:14:51,781 - controllers.undo_redo_manager - DEBUG - UNDO_REDO: Checked is_in_command_execution, result=False
2025-04-06 21:14:51,781 - controllers.undo_redo_manager - DEBUG - UNDO_REDO: Pushing command AddDeviceCommand: Add router Device
2025-04-06 21:14:51,781 - controllers.undo_redo_manager - DEBUG - UNDO_REDO: Set is_executing_command to True (was False)
2025-04-06 21:14:51,781 - controllers.commands - DEBUG - CMD: AddDeviceCommand execute for  3, in_bulk_creation=False
2025-04-06 21:14:51,781 - models.device - DEBUG - Custom icon path set to: None
2025-04-06 21:14:51,782 - models.device - INFO - ICON DEBUG: Current working directory: c:\Users\catas\Desktop\GraphNIST-1\src
2025-04-06 21:14:51,782 - models.device - INFO - ICON DEBUG: Application directory: c:\Users\catas\Desktop\GraphNIST-1\src
2025-04-06 21:14:51,783 - models.device - INFO - ICON DEBUG: Searching in icon folders: ['c:\\Users\\catas\\Desktop\\GraphNIST-1\\src\\resources\\icons', 'c:\\Users\\catas\\Desktop\\GraphNIST-1\\src\\resources\\icons\\svg', 'c:\\Users\\catas\\Desktop\\GraphNIST-1\\src\\..\\resources\\icons']
2025-04-06 21:14:51,783 - models.device - INFO - ICON DEBUG: Checking type icon at: c:\Users\catas\Desktop\GraphNIST-1\src\resources\icons\router.svg
2025-04-06 21:14:51,783 - models.device - INFO - ICON DEBUG: Checking type icon at: c:\Users\catas\Desktop\GraphNIST-1\src\resources\icons\router.svg
2025-04-06 21:14:51,783 - models.device - INFO - ICON DEBUG: Checking type icon at: c:\Users\catas\Desktop\GraphNIST-1\src\resources\icons\ROUTER.svg
2025-04-06 21:14:51,783 - models.device - INFO - ICON DEBUG: Checking type icon at: c:\Users\catas\Desktop\GraphNIST-1\src\resources\icons\Router.svg
2025-04-06 21:14:51,783 - models.device - INFO - ICON DEBUG: Checking type icon at: c:\Users\catas\Desktop\GraphNIST-1\src\resources\icons\svg\router.svg
2025-04-06 21:14:51,784 - models.device - INFO - ICON DEBUG: Found type icon at: c:\Users\catas\Desktop\GraphNIST-1\src\resources\icons\svg\router.svg
2025-04-06 21:14:51,784 - models.device - INFO - ICON DEBUG: Attempting to load icon from: c:\Users\catas\Desktop\GraphNIST-1\src\resources\icons\svg\router.svg
2025-04-06 21:14:51,784 - models.device - INFO - ICON DEBUG: Successfully loaded SVG icon from c:\Users\catas\Desktop\GraphNIST-1\src\resources\icons\svg\router.svg
2025-04-06 21:14:51,784 - models.device - DEBUG - Setting BLACK text color for device  3 in LIGHT mode
2025-04-06 21:14:51,784 - models.device - DEBUG - UPDATE PROPS DEBUG: Updating property labels for ' 3', current count: 0
2025-04-06 21:14:51,784 - models.device - DEBUG - UPDATE PROPS DEBUG: Found 0 properties to display: []
2025-04-06 21:14:51,784 - models.device - DEBUG - UPDATE PROPS DEBUG: Updating property labels for ' 3', current count: 0
2025-04-06 21:14:51,784 - models.device - DEBUG - UPDATE PROPS DEBUG: Found 0 properties to display: []
2025-04-06 21:14:51,784 - models.device - DEBUG - UPDATE PROPS DEBUG: Updating property labels for ' 3', current count: 0
2025-04-06 21:14:51,784 - models.device - DEBUG - UPDATE PROPS DEBUG: Found 0 properties to display: []
2025-04-06 21:14:51,784 - controllers.commands - DEBUG - CMD: Created device  3 through command execution
2025-04-06 21:14:51,784 - controllers.undo_redo_manager - DEBUG - UNDO_REDO: Restored is_executing_command to False
2025-04-06 21:14:51,784 - controllers.undo_redo_manager - DEBUG - UNDO_REDO: Command executed and pushed to stack (stack size: 3)
2025-04-06 21:14:53,710 - views.canvas.modes.select_mode - DEBUG - SelectMode: Activated
2025-04-06 21:14:53,710 - views.canvas.canvas - INFO - Canvas: Switching to mode Select Mode
2025-04-06 21:14:54,272 - models.device - DEBUG - CHANGE DEBUG: Device ' 3' selection changing to True
2025-04-06 21:14:54,272 - models.device - DEBUG - CHANGE DEBUG: Device ' 3' selection state changed to True
2025-04-06 21:14:54,272 - views.canvas.canvas - DEBUG - SELECTION DEBUG: Device selected:  3, is_selected=True
2025-04-06 21:14:54,272 - controllers.properties_controller - INFO - SELECTION DEBUG: Selection changed with 1 items
2025-04-06 21:14:54,272 - controllers.properties_controller - INFO - SELECTION DEBUG: Selected item type: Device, id: 2115352181440
2025-04-06 21:14:54,273 - controllers.properties_controller - INFO - SELECTION DEBUG: Updating properties panel
2025-04-06 21:14:54,273 - controllers.properties_controller - INFO - SELECTION DEBUG: Single item selected, type: Device, id: 2115352181440
2025-04-06 21:14:54,273 - controllers.properties_controller - INFO - SELECTION DEBUG: Displaying properties for item: Device
2025-04-06 21:14:54,273 - views.properties_panel - INFO - PANEL DEBUG: Displaying properties for item type: Device, id: 2115352181440
2025-04-06 21:14:54,273 - views.properties_panel - INFO - PANEL DEBUG: Set current_item reference to: Device
2025-04-06 21:14:54,273 - views.properties_panel - INFO - PANEL DEBUG: Setting name field to:  3
2025-04-06 21:14:54,274 - views.properties_panel - INFO - PANEL DEBUG: Setting z-index to: 10.0
2025-04-06 21:14:54,274 - views.properties_panel - INFO - PANEL DEBUG: Item is a Device, showing device properties
2025-04-06 21:14:54,274 - views.properties_panel - INFO - PANEL DEBUG: Setting up device properties for:  3
2025-04-06 21:14:54,274 - views.properties_panel - INFO - PANEL DEBUG: Device type set to: router
2025-04-06 21:14:54,275 - views.properties_panel - INFO - PANEL DEBUG: Device has 5 properties
2025-04-06 21:14:54,275 - views.properties_panel - INFO - PANEL DEBUG: Device properties display completed
2025-04-06 21:14:54,275 - controllers.properties_controller - INFO - Selected item: Device
2025-04-06 21:14:54,275 - models.device - DEBUG - EMIT DEBUG: Emitted selected signal for device ' 3' with state True
2025-04-06 21:14:54,283 - models.device - DEBUG - CHANGE DEBUG: Device ' 1' selection changing to True
2025-04-06 21:14:54,283 - models.device - DEBUG - CHANGE DEBUG: Device ' 1' selection state changed to True
2025-04-06 21:14:54,283 - views.canvas.canvas - DEBUG - SELECTION DEBUG: Device selected:  1, is_selected=True
2025-04-06 21:14:54,283 - controllers.properties_controller - INFO - SELECTION DEBUG: Selection changed with 2 items
2025-04-06 21:14:54,284 - controllers.properties_controller - INFO - SELECTION DEBUG: Selected item type: Device, id: 2115352181440
2025-04-06 21:14:54,284 - controllers.properties_controller - INFO - SELECTION DEBUG: Selected item type: Device, id: 2115352179712
2025-04-06 21:14:54,284 - controllers.properties_controller - INFO - SELECTION DEBUG: Updating properties panel
2025-04-06 21:14:54,284 - controllers.properties_controller - INFO - SELECTION DEBUG: Multiple items (2), filtered to 2 devices
2025-04-06 21:14:54,293 - models.device - DEBUG - EMIT DEBUG: Emitted selected signal for device ' 1' with state True
2025-04-06 21:14:54,462 - models.device - DEBUG - CHANGE DEBUG: Device ' 2' selection changing to True
2025-04-06 21:14:54,462 - models.device - DEBUG - CHANGE DEBUG: Device ' 2' selection state changed to True
2025-04-06 21:14:54,462 - views.canvas.canvas - DEBUG - SELECTION DEBUG: Device selected:  2, is_selected=True
2025-04-06 21:14:54,462 - controllers.properties_controller - INFO - SELECTION DEBUG: Selection changed with 3 items
2025-04-06 21:14:54,462 - controllers.properties_controller - INFO - SELECTION DEBUG: Selected item type: Device, id: 2115352181440
2025-04-06 21:14:54,462 - controllers.properties_controller - INFO - SELECTION DEBUG: Selected item type: Device, id: 2115352179712
2025-04-06 21:14:54,463 - controllers.properties_controller - INFO - SELECTION DEBUG: Selected item type: Device, id: 2115352180576
2025-04-06 21:14:54,463 - controllers.properties_controller - INFO - SELECTION DEBUG: Updating properties panel
2025-04-06 21:14:54,463 - controllers.properties_controller - INFO - SELECTION DEBUG: Multiple items (3), filtered to 3 devices
2025-04-06 21:14:54,465 - models.device - DEBUG - EMIT DEBUG: Emitted selected signal for device ' 2' with state True
2025-04-06 21:14:54,724 - controllers.properties_controller - INFO - SELECTION DEBUG: Selection changed with 3 items
2025-04-06 21:14:54,724 - controllers.properties_controller - INFO - SELECTION DEBUG: Selected item type: Device, id: 2115352181440
2025-04-06 21:14:54,724 - controllers.properties_controller - INFO - SELECTION DEBUG: Selected item type: Device, id: 2115352179712
2025-04-06 21:14:54,724 - controllers.properties_controller - INFO - SELECTION DEBUG: Selected item type: Device, id: 2115352180576
2025-04-06 21:14:54,724 - controllers.properties_controller - INFO - SELECTION DEBUG: Updating properties panel
2025-04-06 21:14:54,724 - controllers.properties_controller - INFO - SELECTION DEBUG: Multiple items (3), filtered to 3 devices
2025-04-06 21:15:10,709 - controllers.properties_controller - INFO - Changing device property ip_address from '' to '192.168.1.1'
2025-04-06 21:15:10,709 - controllers.undo_redo_manager - DEBUG - UNDO_REDO: Pushing command DevicePropertyCommand: Change  3 ip_address
2025-04-06 21:15:10,710 - controllers.undo_redo_manager - DEBUG - UNDO_REDO: Set is_executing_command to True (was False)
2025-04-06 21:15:10,710 - models.device - DEBUG - UPDATE PROPS DEBUG: Updating property labels for ' 3', current count: 0
2025-04-06 21:15:10,710 - models.device - DEBUG - UPDATE PROPS DEBUG: Found 0 properties to display: []
2025-04-06 21:15:10,710 - controllers.undo_redo_manager - DEBUG - UNDO_REDO: Restored is_executing_command to False
2025-04-06 21:15:10,710 - controllers.undo_redo_manager - DEBUG - UNDO_REDO: Command executed and pushed to stack (stack size: 4)
2025-04-06 21:15:10,710 - models.device - DEBUG - UPDATE PROPS DEBUG: Updating property labels for ' 3', current count: 0
2025-04-06 21:15:10,710 - models.device - DEBUG - UPDATE PROPS DEBUG: Found 0 properties to display: []
2025-04-06 21:15:10,710 - controllers.properties_controller - INFO - Changing device property ip_address from '' to '192.168.1.1'
2025-04-06 21:15:10,710 - controllers.undo_redo_manager - DEBUG - UNDO_REDO: Pushing command DevicePropertyCommand: Change  1 ip_address
2025-04-06 21:15:10,710 - controllers.undo_redo_manager - DEBUG - UNDO_REDO: Set is_executing_command to True (was False)
2025-04-06 21:15:10,710 - models.device - DEBUG - UPDATE PROPS DEBUG: Updating property labels for ' 1', current count: 0
2025-04-06 21:15:10,710 - models.device - DEBUG - UPDATE PROPS DEBUG: Found 0 properties to display: []
2025-04-06 21:15:10,710 - controllers.undo_redo_manager - DEBUG - UNDO_REDO: Restored is_executing_command to False
2025-04-06 21:15:10,710 - controllers.undo_redo_manager - DEBUG - UNDO_REDO: Command executed and pushed to stack (stack size: 5)
2025-04-06 21:15:10,710 - models.device - DEBUG - UPDATE PROPS DEBUG: Updating property labels for ' 1', current count: 0
2025-04-06 21:15:10,710 - models.device - DEBUG - UPDATE PROPS DEBUG: Found 0 properties to display: []
2025-04-06 21:15:10,710 - controllers.properties_controller - INFO - Changing device property ip_address from '' to '192.168.1.1'
2025-04-06 21:15:10,710 - controllers.undo_redo_manager - DEBUG - UNDO_REDO: Pushing command DevicePropertyCommand: Change  2 ip_address
2025-04-06 21:15:10,710 - controllers.undo_redo_manager - DEBUG - UNDO_REDO: Set is_executing_command to True (was False)
2025-04-06 21:15:10,710 - models.device - DEBUG - UPDATE PROPS DEBUG: Updating property labels for ' 2', current count: 0
2025-04-06 21:15:10,710 - models.device - DEBUG - UPDATE PROPS DEBUG: Found 0 properties to display: []
2025-04-06 21:15:10,710 - controllers.undo_redo_manager - DEBUG - UNDO_REDO: Restored is_executing_command to False
2025-04-06 21:15:10,710 - controllers.undo_redo_manager - DEBUG - UNDO_REDO: Command executed and pushed to stack (stack size: 6)
2025-04-06 21:15:10,712 - models.device - DEBUG - UPDATE PROPS DEBUG: Updating property labels for ' 2', current count: 0
2025-04-06 21:15:10,712 - models.device - DEBUG - UPDATE PROPS DEBUG: Found 0 properties to display: []
2025-04-06 21:15:13,755 - models.device - DEBUG - CHANGE DEBUG: Device ' 3' selection changing to False
2025-04-06 21:15:13,755 - models.device - DEBUG - CHANGE DEBUG: Device ' 3' selection state changed to False
2025-04-06 21:15:13,756 - views.canvas.canvas - DEBUG - SELECTION DEBUG: Device selected:  3, is_selected=False
2025-04-06 21:15:13,756 - models.device - DEBUG - EMIT DEBUG: Emitted selected signal for device ' 3' with state False
2025-04-06 21:15:13,756 - models.device - DEBUG - CHANGE DEBUG: Device ' 1' selection changing to False
2025-04-06 21:15:13,756 - models.device - DEBUG - CHANGE DEBUG: Device ' 1' selection state changed to False
2025-04-06 21:15:13,756 - views.canvas.canvas - DEBUG - SELECTION DEBUG: Device selected:  1, is_selected=False
2025-04-06 21:15:13,756 - models.device - DEBUG - EMIT DEBUG: Emitted selected signal for device ' 1' with state False
2025-04-06 21:15:13,756 - models.device - DEBUG - CHANGE DEBUG: Device ' 2' selection changing to False
2025-04-06 21:15:13,756 - models.device - DEBUG - CHANGE DEBUG: Device ' 2' selection state changed to False
2025-04-06 21:15:13,756 - views.canvas.canvas - DEBUG - SELECTION DEBUG: Device selected:  2, is_selected=False
2025-04-06 21:15:13,756 - models.device - DEBUG - EMIT DEBUG: Emitted selected signal for device ' 2' with state False
2025-04-06 21:15:14,962 - models.device - DEBUG - CHANGE DEBUG: Device ' 2' selection changing to True
2025-04-06 21:15:14,962 - models.device - DEBUG - CHANGE DEBUG: Device ' 2' selection state changed to True
2025-04-06 21:15:14,962 - views.canvas.canvas - DEBUG - SELECTION DEBUG: Device selected:  2, is_selected=True
2025-04-06 21:15:14,962 - controllers.properties_controller - INFO - SELECTION DEBUG: Selection changed with 1 items
2025-04-06 21:15:14,963 - controllers.properties_controller - INFO - SELECTION DEBUG: Selected item type: Device, id: 2115352180576
2025-04-06 21:15:14,963 - controllers.properties_controller - INFO - SELECTION DEBUG: Updating properties panel
2025-04-06 21:15:14,963 - controllers.properties_controller - INFO - SELECTION DEBUG: Single item selected, type: Device, id: 2115352180576
2025-04-06 21:15:14,963 - controllers.properties_controller - INFO - SELECTION DEBUG: Displaying properties for item: Device
2025-04-06 21:15:14,963 - views.properties_panel - INFO - PANEL DEBUG: Displaying properties for item type: Device, id: 2115352180576
2025-04-06 21:15:14,963 - views.properties_panel - INFO - PANEL DEBUG: Set current_item reference to: Device
2025-04-06 21:15:14,974 - views.properties_panel - INFO - PANEL DEBUG: Setting name field to:  2
2025-04-06 21:15:14,974 - views.properties_panel - INFO - PANEL DEBUG: Setting z-index to: 10.0
2025-04-06 21:15:14,974 - views.properties_panel - INFO - PANEL DEBUG: Item is a Device, showing device properties
2025-04-06 21:15:14,975 - views.properties_panel - INFO - PANEL DEBUG: Setting up device properties for:  2
2025-04-06 21:15:14,975 - views.properties_panel - INFO - PANEL DEBUG: Device type set to: router
2025-04-06 21:15:14,976 - views.properties_panel - INFO - PANEL DEBUG: Device has 5 properties
2025-04-06 21:15:14,976 - views.properties_panel - INFO - PANEL DEBUG: Device properties display completed
2025-04-06 21:15:14,976 - controllers.properties_controller - INFO - Selected item: Device
2025-04-06 21:15:14,976 - models.device - DEBUG - EMIT DEBUG: Emitted selected signal for device ' 2' with state True
2025-04-06 21:15:15,127 - controllers.properties_controller - INFO - SELECTION DEBUG: Selection changed with 1 items
2025-04-06 21:15:15,127 - controllers.properties_controller - INFO - SELECTION DEBUG: Selected item type: Device, id: 2115352180576
2025-04-06 21:15:15,127 - controllers.properties_controller - INFO - SELECTION DEBUG: Updating properties panel
2025-04-06 21:15:15,127 - controllers.properties_controller - INFO - SELECTION DEBUG: Single item selected, type: Device, id: 2115352180576
2025-04-06 21:15:15,127 - controllers.properties_controller - INFO - SELECTION DEBUG: Displaying properties for item: Device
2025-04-06 21:15:15,128 - views.properties_panel - INFO - PANEL DEBUG: Displaying properties for item type: Device, id: 2115352180576
2025-04-06 21:15:15,128 - views.properties_panel - INFO - PANEL DEBUG: Set current_item reference to: Device
2025-04-06 21:15:15,128 - views.properties_panel - INFO - PANEL DEBUG: Setting name field to:  2
2025-04-06 21:15:15,128 - views.properties_panel - INFO - PANEL DEBUG: Setting z-index to: 10.0
2025-04-06 21:15:15,128 - views.properties_panel - INFO - PANEL DEBUG: Item is a Device, showing device properties
2025-04-06 21:15:15,128 - views.properties_panel - INFO - PANEL DEBUG: Setting up device properties for:  2
2025-04-06 21:15:15,129 - views.properties_panel - INFO - PANEL DEBUG: Device type set to: router
2025-04-06 21:15:15,129 - views.properties_panel - INFO - PANEL DEBUG: Device has 5 properties
2025-04-06 21:15:15,129 - views.properties_panel - INFO - PANEL DEBUG: Device properties display completed
2025-04-06 21:15:15,129 - controllers.properties_controller - INFO - Selected item: Device
2025-04-06 21:15:15,924 - controllers.properties_controller - INFO - SELECTION DEBUG: Selection changed with 1 items
2025-04-06 21:15:15,924 - controllers.properties_controller - INFO - SELECTION DEBUG: Selected item type: Device, id: 2115352180576
2025-04-06 21:15:15,924 - controllers.properties_controller - INFO - SELECTION DEBUG: Updating properties panel
2025-04-06 21:15:15,924 - controllers.properties_controller - INFO - SELECTION DEBUG: Single item selected, type: Device, id: 2115352180576
2025-04-06 21:15:15,924 - controllers.properties_controller - INFO - SELECTION DEBUG: Displaying properties for item: Device
2025-04-06 21:15:15,924 - views.properties_panel - INFO - PANEL DEBUG: Displaying properties for item type: Device, id: 2115352180576
2025-04-06 21:15:15,926 - views.properties_panel - INFO - PANEL DEBUG: Set current_item reference to: Device
2025-04-06 21:15:15,926 - views.properties_panel - INFO - PANEL DEBUG: Recreating panel sections
2025-04-06 21:15:15,941 - views.properties_panel - INFO - PANEL DEBUG: Setting name field to:  2
2025-04-06 21:15:15,941 - views.properties_panel - INFO - PANEL DEBUG: Setting z-index to: 10.0
2025-04-06 21:15:15,941 - views.properties_panel - INFO - PANEL DEBUG: Item is a Device, showing device properties
2025-04-06 21:15:15,941 - views.properties_panel - INFO - PANEL DEBUG: Setting up device properties for:  2
2025-04-06 21:15:15,942 - views.properties_panel - INFO - PANEL DEBUG: Device type set to: router
2025-04-06 21:15:15,943 - views.properties_panel - INFO - PANEL DEBUG: Device has 5 properties
2025-04-06 21:15:15,943 - views.properties_panel - INFO - PANEL DEBUG: Device properties display completed
2025-04-06 21:15:15,943 - controllers.properties_controller - INFO - Selected item: Device
2025-04-06 21:15:18,798 - models.device - DEBUG - UPDATE PROPS DEBUG: Updating property labels for ' 2', current count: 0
2025-04-06 21:15:18,798 - models.device - DEBUG - UPDATE PROPS DEBUG: Found 1 properties to display: ['ip_address']
2025-04-06 21:15:18,800 - models.device - DEBUG - UPDATE PROPS DEBUG: Updated property labels, final count: 1
2025-04-06 21:15:18,800 - models.device - DEBUG - UPDATE PROPS DEBUG: Updating property labels for ' 2', current count: 1
2025-04-06 21:15:18,800 - models.device - DEBUG - UPDATE PROPS DEBUG: Found 1 properties to display: ['ip_address']
2025-04-06 21:15:18,800 - models.device - DEBUG - UPDATE PROPS DEBUG: Updated property labels, final count: 1
2025-04-06 21:15:20,128 - models.device - DEBUG - UPDATE PROPS DEBUG: Updating property labels for ' 2', current count: 1
2025-04-06 21:15:20,128 - models.device - DEBUG - UPDATE PROPS DEBUG: Found 0 properties to display: []
2025-04-06 21:15:20,128 - models.device - DEBUG - UPDATE PROPS DEBUG: Updating property labels for ' 2', current count: 0
2025-04-06 21:15:20,128 - models.device - DEBUG - UPDATE PROPS DEBUG: Found 0 properties to display: []
2025-04-06 21:15:20,583 - models.device - DEBUG - UPDATE PROPS DEBUG: Updating property labels for ' 2', current count: 0
2025-04-06 21:15:20,583 - models.device - DEBUG - UPDATE PROPS DEBUG: Found 1 properties to display: ['ip_address']
2025-04-06 21:15:20,583 - models.device - DEBUG - UPDATE PROPS DEBUG: Updated property labels, final count: 1
2025-04-06 21:15:20,583 - models.device - DEBUG - UPDATE PROPS DEBUG: Updating property labels for ' 2', current count: 1
2025-04-06 21:15:20,583 - models.device - DEBUG - UPDATE PROPS DEBUG: Found 1 properties to display: ['ip_address']
2025-04-06 21:15:20,583 - models.device - DEBUG - UPDATE PROPS DEBUG: Updated property labels, final count: 1
2025-04-06 21:15:21,678 - models.device - DEBUG - CHANGE DEBUG: Device ' 2' selection changing to False
2025-04-06 21:15:21,678 - models.device - DEBUG - CHANGE DEBUG: Device ' 2' selection state changed to False
2025-04-06 21:15:21,678 - views.canvas.canvas - DEBUG - SELECTION DEBUG: Device selected:  2, is_selected=False
2025-04-06 21:15:21,678 - models.device - DEBUG - EMIT DEBUG: Emitted selected signal for device ' 2' with state False
2025-04-06 21:15:21,814 - models.device - DEBUG - CHANGE DEBUG: Device ' 1' selection changing to True
2025-04-06 21:15:21,814 - models.device - DEBUG - CHANGE DEBUG: Device ' 1' selection state changed to True
2025-04-06 21:15:21,814 - views.canvas.canvas - DEBUG - SELECTION DEBUG: Device selected:  1, is_selected=True
2025-04-06 21:15:21,814 - controllers.properties_controller - INFO - SELECTION DEBUG: Selection changed with 1 items
2025-04-06 21:15:21,814 - controllers.properties_controller - INFO - SELECTION DEBUG: Selected item type: Device, id: 2115352179712
2025-04-06 21:15:21,814 - controllers.properties_controller - INFO - SELECTION DEBUG: Updating properties panel
2025-04-06 21:15:21,814 - controllers.properties_controller - INFO - SELECTION DEBUG: Single item selected, type: Device, id: 2115352179712
2025-04-06 21:15:21,814 - controllers.properties_controller - INFO - SELECTION DEBUG: Displaying properties for item: Device
2025-04-06 21:15:21,814 - views.properties_panel - INFO - PANEL DEBUG: Displaying properties for item type: Device, id: 2115352179712
2025-04-06 21:15:21,816 - views.properties_panel - INFO - PANEL DEBUG: Set current_item reference to: Device
2025-04-06 21:15:21,816 - views.properties_panel - INFO - PANEL DEBUG: Setting name field to:  1
2025-04-06 21:15:21,816 - views.properties_panel - INFO - PANEL DEBUG: Setting z-index to: 10.0
2025-04-06 21:15:21,816 - views.properties_panel - INFO - PANEL DEBUG: Item is a Device, showing device properties
2025-04-06 21:15:21,816 - views.properties_panel - INFO - PANEL DEBUG: Setting up device properties for:  1
2025-04-06 21:15:21,816 - views.properties_panel - INFO - PANEL DEBUG: Device type set to: router
2025-04-06 21:15:21,817 - views.properties_panel - INFO - PANEL DEBUG: Device has 5 properties
2025-04-06 21:15:21,817 - views.properties_panel - INFO - PANEL DEBUG: Device properties display completed
2025-04-06 21:15:21,817 - controllers.properties_controller - INFO - Selected item: Device
2025-04-06 21:15:21,817 - models.device - DEBUG - EMIT DEBUG: Emitted selected signal for device ' 1' with state True
2025-04-06 21:15:21,837 - models.device - DEBUG - CHANGE DEBUG: Device ' 3' selection changing to True
2025-04-06 21:15:21,837 - models.device - DEBUG - CHANGE DEBUG: Device ' 3' selection state changed to True
2025-04-06 21:15:21,837 - views.canvas.canvas - DEBUG - SELECTION DEBUG: Device selected:  3, is_selected=True
2025-04-06 21:15:21,837 - controllers.properties_controller - INFO - SELECTION DEBUG: Selection changed with 2 items
2025-04-06 21:15:21,837 - controllers.properties_controller - INFO - SELECTION DEBUG: Selected item type: Device, id: 2115352181440
2025-04-06 21:15:21,838 - controllers.properties_controller - INFO - SELECTION DEBUG: Selected item type: Device, id: 2115352179712
2025-04-06 21:15:21,838 - controllers.properties_controller - INFO - SELECTION DEBUG: Updating properties panel
2025-04-06 21:15:21,838 - controllers.properties_controller - INFO - SELECTION DEBUG: Multiple items (2), filtered to 2 devices
2025-04-06 21:15:21,848 - models.device - DEBUG - EMIT DEBUG: Emitted selected signal for device ' 3' with state True
2025-04-06 21:15:22,350 - controllers.properties_controller - INFO - SELECTION DEBUG: Selection changed with 2 items
2025-04-06 21:15:22,350 - controllers.properties_controller - INFO - SELECTION DEBUG: Selected item type: Device, id: 2115352181440
2025-04-06 21:15:22,350 - controllers.properties_controller - INFO - SELECTION DEBUG: Selected item type: Device, id: 2115352179712
2025-04-06 21:15:22,350 - controllers.properties_controller - INFO - SELECTION DEBUG: Updating properties panel
2025-04-06 21:15:22,350 - controllers.properties_controller - INFO - SELECTION DEBUG: Multiple items (2), filtered to 2 devices
2025-04-06 21:15:29,530 - views.canvas.modes.select_mode - DEBUG - SelectMode: Deactivated
2025-04-06 21:15:29,530 - views.canvas.canvas - INFO - Canvas: Switching to mode AddDeviceMode
2025-04-06 21:15:30,403 - views.canvas.modes.add_device_mode - DEBUG - AddDeviceMode: Adding device at -283.0, -182.0
2025-04-06 21:15:30,403 - controllers.device_controller - INFO - Explicitly opening device dialog for adding a new device
2025-04-06 21:15:30,403 - views.device_dialog - CRITICAL - DIALOG DEBUG: DeviceDialog constructor called with device: None
2025-04-06 21:15:32,432 - controllers.undo_redo_manager - DEBUG - UNDO_REDO: Checked is_in_command_execution, result=False
2025-04-06 21:15:32,432 - controllers.undo_redo_manager - DEBUG - UNDO_REDO: Pushing command AddDeviceCommand: Add router Device
2025-04-06 21:15:32,434 - controllers.undo_redo_manager - DEBUG - UNDO_REDO: Set is_executing_command to True (was False)
2025-04-06 21:15:32,434 - controllers.commands - DEBUG - CMD: AddDeviceCommand execute for  4, in_bulk_creation=False
2025-04-06 21:15:32,434 - models.device - DEBUG - Custom icon path set to: None
2025-04-06 21:15:32,434 - models.device - INFO - ICON DEBUG: Current working directory: c:\Users\catas\Desktop\GraphNIST-1\src
2025-04-06 21:15:32,434 - models.device - INFO - ICON DEBUG: Application directory: c:\Users\catas\Desktop\GraphNIST-1\src
2025-04-06 21:15:32,435 - models.device - INFO - ICON DEBUG: Searching in icon folders: ['c:\\Users\\catas\\Desktop\\GraphNIST-1\\src\\resources\\icons', 'c:\\Users\\catas\\Desktop\\GraphNIST-1\\src\\resources\\icons\\svg', 'c:\\Users\\catas\\Desktop\\GraphNIST-1\\src\\..\\resources\\icons']
2025-04-06 21:15:32,435 - models.device - INFO - ICON DEBUG: Checking type icon at: c:\Users\catas\Desktop\GraphNIST-1\src\resources\icons\router.svg
2025-04-06 21:15:32,435 - models.device - INFO - ICON DEBUG: Checking type icon at: c:\Users\catas\Desktop\GraphNIST-1\src\resources\icons\router.svg
2025-04-06 21:15:32,435 - models.device - INFO - ICON DEBUG: Checking type icon at: c:\Users\catas\Desktop\GraphNIST-1\src\resources\icons\ROUTER.svg
2025-04-06 21:15:32,436 - models.device - INFO - ICON DEBUG: Checking type icon at: c:\Users\catas\Desktop\GraphNIST-1\src\resources\icons\Router.svg
2025-04-06 21:15:32,436 - models.device - INFO - ICON DEBUG: Checking type icon at: c:\Users\catas\Desktop\GraphNIST-1\src\resources\icons\svg\router.svg
2025-04-06 21:15:32,436 - models.device - INFO - ICON DEBUG: Found type icon at: c:\Users\catas\Desktop\GraphNIST-1\src\resources\icons\svg\router.svg
2025-04-06 21:15:32,436 - models.device - INFO - ICON DEBUG: Attempting to load icon from: c:\Users\catas\Desktop\GraphNIST-1\src\resources\icons\svg\router.svg
2025-04-06 21:15:32,436 - models.device - INFO - ICON DEBUG: Successfully loaded SVG icon from c:\Users\catas\Desktop\GraphNIST-1\src\resources\icons\svg\router.svg
2025-04-06 21:15:32,437 - models.device - DEBUG - Setting BLACK text color for device  4 in LIGHT mode
2025-04-06 21:15:32,437 - models.device - DEBUG - UPDATE PROPS DEBUG: Updating property labels for ' 4', current count: 0
2025-04-06 21:15:32,437 - models.device - DEBUG - UPDATE PROPS DEBUG: Found 0 properties to display: []
2025-04-06 21:15:32,437 - models.device - DEBUG - UPDATE PROPS DEBUG: Updating property labels for ' 4', current count: 0
2025-04-06 21:15:32,437 - models.device - DEBUG - UPDATE PROPS DEBUG: Found 0 properties to display: []
2025-04-06 21:15:32,437 - models.device - DEBUG - UPDATE PROPS DEBUG: Updating property labels for ' 4', current count: 0
2025-04-06 21:15:32,437 - models.device - DEBUG - UPDATE PROPS DEBUG: Found 0 properties to display: []
2025-04-06 21:15:32,437 - controllers.commands - DEBUG - CMD: Created device  4 through command execution
2025-04-06 21:15:32,437 - controllers.undo_redo_manager - DEBUG - UNDO_REDO: Restored is_executing_command to False
2025-04-06 21:15:32,437 - controllers.undo_redo_manager - DEBUG - UNDO_REDO: Command executed and pushed to stack (stack size: 7)
2025-04-06 21:15:32,924 - views.canvas.modes.add_device_mode - DEBUG - AddDeviceMode: Adding device at 73.0, -133.0
2025-04-06 21:15:32,924 - controllers.device_controller - INFO - Explicitly opening device dialog for adding a new device
2025-04-06 21:15:32,924 - views.device_dialog - CRITICAL - DIALOG DEBUG: DeviceDialog constructor called with device: None
2025-04-06 21:15:35,029 - controllers.undo_redo_manager - DEBUG - UNDO_REDO: Checked is_in_command_execution, result=False
2025-04-06 21:15:35,029 - controllers.undo_redo_manager - DEBUG - UNDO_REDO: Pushing command AddDeviceCommand: Add router Device
2025-04-06 21:15:35,029 - controllers.undo_redo_manager - DEBUG - UNDO_REDO: Set is_executing_command to True (was False)
2025-04-06 21:15:35,030 - controllers.commands - DEBUG - CMD: AddDeviceCommand execute for  5, in_bulk_creation=False
2025-04-06 21:15:35,030 - models.device - DEBUG - Custom icon path set to: None
2025-04-06 21:15:35,030 - models.device - INFO - ICON DEBUG: Current working directory: c:\Users\catas\Desktop\GraphNIST-1\src
2025-04-06 21:15:35,030 - models.device - INFO - ICON DEBUG: Application directory: c:\Users\catas\Desktop\GraphNIST-1\src
2025-04-06 21:15:35,031 - models.device - INFO - ICON DEBUG: Searching in icon folders: ['c:\\Users\\catas\\Desktop\\GraphNIST-1\\src\\resources\\icons', 'c:\\Users\\catas\\Desktop\\GraphNIST-1\\src\\resources\\icons\\svg', 'c:\\Users\\catas\\Desktop\\GraphNIST-1\\src\\..\\resources\\icons']
2025-04-06 21:15:35,031 - models.device - INFO - ICON DEBUG: Checking type icon at: c:\Users\catas\Desktop\GraphNIST-1\src\resources\icons\router.svg
2025-04-06 21:15:35,031 - models.device - INFO - ICON DEBUG: Checking type icon at: c:\Users\catas\Desktop\GraphNIST-1\src\resources\icons\router.svg
2025-04-06 21:15:35,031 - models.device - INFO - ICON DEBUG: Checking type icon at: c:\Users\catas\Desktop\GraphNIST-1\src\resources\icons\ROUTER.svg
2025-04-06 21:15:35,032 - models.device - INFO - ICON DEBUG: Checking type icon at: c:\Users\catas\Desktop\GraphNIST-1\src\resources\icons\Router.svg
2025-04-06 21:15:35,032 - models.device - INFO - ICON DEBUG: Checking type icon at: c:\Users\catas\Desktop\GraphNIST-1\src\resources\icons\svg\router.svg
2025-04-06 21:15:35,032 - models.device - INFO - ICON DEBUG: Found type icon at: c:\Users\catas\Desktop\GraphNIST-1\src\resources\icons\svg\router.svg
2025-04-06 21:15:35,032 - models.device - INFO - ICON DEBUG: Attempting to load icon from: c:\Users\catas\Desktop\GraphNIST-1\src\resources\icons\svg\router.svg
2025-04-06 21:15:35,032 - models.device - INFO - ICON DEBUG: Successfully loaded SVG icon from c:\Users\catas\Desktop\GraphNIST-1\src\resources\icons\svg\router.svg
2025-04-06 21:15:35,034 - models.device - DEBUG - Setting BLACK text color for device  5 in LIGHT mode
2025-04-06 21:15:35,034 - models.device - DEBUG - UPDATE PROPS DEBUG: Updating property labels for ' 5', current count: 0
2025-04-06 21:15:35,034 - models.device - DEBUG - UPDATE PROPS DEBUG: Found 0 properties to display: []
2025-04-06 21:15:35,034 - models.device - DEBUG - UPDATE PROPS DEBUG: Updating property labels for ' 5', current count: 0
2025-04-06 21:15:35,034 - models.device - DEBUG - UPDATE PROPS DEBUG: Found 0 properties to display: []
2025-04-06 21:15:35,034 - models.device - DEBUG - UPDATE PROPS DEBUG: Updating property labels for ' 5', current count: 0
2025-04-06 21:15:35,034 - models.device - DEBUG - UPDATE PROPS DEBUG: Found 0 properties to display: []
2025-04-06 21:15:35,034 - controllers.commands - DEBUG - CMD: Created device  5 through command execution
2025-04-06 21:15:35,034 - controllers.undo_redo_manager - DEBUG - UNDO_REDO: Restored is_executing_command to False
2025-04-06 21:15:35,034 - controllers.undo_redo_manager - DEBUG - UNDO_REDO: Command executed and pushed to stack (stack size: 8)
2025-04-06 21:15:37,465 - views.canvas.modes.select_mode - DEBUG - SelectMode: Activated
2025-04-06 21:15:37,465 - views.canvas.canvas - INFO - Canvas: Switching to mode Select Mode
2025-04-06 21:15:37,875 - models.device - DEBUG - CHANGE DEBUG: Device ' 3' selection changing to False
2025-04-06 21:15:37,875 - models.device - DEBUG - CHANGE DEBUG: Device ' 3' selection state changed to False
2025-04-06 21:15:37,875 - views.canvas.canvas - DEBUG - SELECTION DEBUG: Device selected:  3, is_selected=False
2025-04-06 21:15:37,875 - models.device - DEBUG - EMIT DEBUG: Emitted selected signal for device ' 3' with state False
2025-04-06 21:15:37,875 - models.device - DEBUG - CHANGE DEBUG: Device ' 1' selection changing to False
2025-04-06 21:15:37,875 - models.device - DEBUG - CHANGE DEBUG: Device ' 1' selection state changed to False
2025-04-06 21:15:37,875 - views.canvas.canvas - DEBUG - SELECTION DEBUG: Device selected:  1, is_selected=False
2025-04-06 21:15:37,875 - models.device - DEBUG - EMIT DEBUG: Emitted selected signal for device ' 1' with state False
2025-04-06 21:15:37,950 - models.device - DEBUG - CHANGE DEBUG: Device ' 4' selection changing to True
2025-04-06 21:15:37,950 - models.device - DEBUG - CHANGE DEBUG: Device ' 4' selection state changed to True
2025-04-06 21:15:37,950 - views.canvas.canvas - DEBUG - SELECTION DEBUG: Device selected:  4, is_selected=True
2025-04-06 21:15:37,950 - controllers.properties_controller - INFO - SELECTION DEBUG: Selection changed with 1 items
2025-04-06 21:15:37,952 - controllers.properties_controller - INFO - SELECTION DEBUG: Selected item type: Device, id: 2115352176832
2025-04-06 21:15:37,952 - controllers.properties_controller - INFO - SELECTION DEBUG: Updating properties panel
2025-04-06 21:15:37,952 - controllers.properties_controller - INFO - SELECTION DEBUG: Single item selected, type: Device, id: 2115352176832
2025-04-06 21:15:37,952 - controllers.properties_controller - INFO - SELECTION DEBUG: Displaying properties for item: Device
2025-04-06 21:15:37,952 - views.properties_panel - INFO - PANEL DEBUG: Displaying properties for item type: Device, id: 2115352176832
2025-04-06 21:15:37,953 - views.properties_panel - INFO - PANEL DEBUG: Set current_item reference to: Device
2025-04-06 21:15:37,962 - views.properties_panel - INFO - PANEL DEBUG: Setting name field to:  4
2025-04-06 21:15:37,962 - views.properties_panel - INFO - PANEL DEBUG: Setting z-index to: 10.0
2025-04-06 21:15:37,963 - views.properties_panel - INFO - PANEL DEBUG: Item is a Device, showing device properties
2025-04-06 21:15:37,963 - views.properties_panel - INFO - PANEL DEBUG: Setting up device properties for:  4
2025-04-06 21:15:37,963 - views.properties_panel - INFO - PANEL DEBUG: Device type set to: router
2025-04-06 21:15:37,964 - views.properties_panel - INFO - PANEL DEBUG: Device has 5 properties
2025-04-06 21:15:37,964 - views.properties_panel - INFO - PANEL DEBUG: Device properties display completed
2025-04-06 21:15:37,964 - controllers.properties_controller - INFO - Selected item: Device
2025-04-06 21:15:37,965 - models.device - DEBUG - EMIT DEBUG: Emitted selected signal for device ' 4' with state True
2025-04-06 21:15:38,065 - models.device - DEBUG - CHANGE DEBUG: Device ' 3' selection changing to True
2025-04-06 21:15:38,065 - models.device - DEBUG - CHANGE DEBUG: Device ' 3' selection state changed to True
2025-04-06 21:15:38,065 - views.canvas.canvas - DEBUG - SELECTION DEBUG: Device selected:  3, is_selected=True
2025-04-06 21:15:38,065 - controllers.properties_controller - INFO - SELECTION DEBUG: Selection changed with 2 items
2025-04-06 21:15:38,065 - controllers.properties_controller - INFO - SELECTION DEBUG: Selected item type: Device, id: 2115352181440
2025-04-06 21:15:38,065 - controllers.properties_controller - INFO - SELECTION DEBUG: Selected item type: Device, id: 2115352176832
2025-04-06 21:15:38,065 - controllers.properties_controller - INFO - SELECTION DEBUG: Updating properties panel
2025-04-06 21:15:38,067 - controllers.properties_controller - INFO - SELECTION DEBUG: Multiple items (2), filtered to 2 devices
2025-04-06 21:15:38,069 - models.device - DEBUG - EMIT DEBUG: Emitted selected signal for device ' 3' with state True
2025-04-06 21:15:38,087 - models.device - DEBUG - CHANGE DEBUG: Device ' 1' selection changing to True
2025-04-06 21:15:38,087 - models.device - DEBUG - CHANGE DEBUG: Device ' 1' selection state changed to True
2025-04-06 21:15:38,087 - views.canvas.canvas - DEBUG - SELECTION DEBUG: Device selected:  1, is_selected=True
2025-04-06 21:15:38,087 - controllers.properties_controller - INFO - SELECTION DEBUG: Selection changed with 3 items
2025-04-06 21:15:38,087 - controllers.properties_controller - INFO - SELECTION DEBUG: Selected item type: Device, id: 2115352181440
2025-04-06 21:15:38,087 - controllers.properties_controller - INFO - SELECTION DEBUG: Selected item type: Device, id: 2115352179712
2025-04-06 21:15:38,088 - controllers.properties_controller - INFO - SELECTION DEBUG: Selected item type: Device, id: 2115352176832
2025-04-06 21:15:38,088 - controllers.properties_controller - INFO - SELECTION DEBUG: Updating properties panel
2025-04-06 21:15:38,088 - controllers.properties_controller - INFO - SELECTION DEBUG: Multiple items (3), filtered to 3 devices
2025-04-06 21:15:38,097 - models.device - DEBUG - EMIT DEBUG: Emitted selected signal for device ' 1' with state True
2025-04-06 21:15:38,194 - models.device - DEBUG - CHANGE DEBUG: Device ' 5' selection changing to True
2025-04-06 21:15:38,194 - models.device - DEBUG - CHANGE DEBUG: Device ' 5' selection state changed to True
2025-04-06 21:15:38,194 - views.canvas.canvas - DEBUG - SELECTION DEBUG: Device selected:  5, is_selected=True
2025-04-06 21:15:38,194 - controllers.properties_controller - INFO - SELECTION DEBUG: Selection changed with 4 items
2025-04-06 21:15:38,194 - controllers.properties_controller - INFO - SELECTION DEBUG: Selected item type: Device, id: 2115352181440
2025-04-06 21:15:38,194 - controllers.properties_controller - INFO - SELECTION DEBUG: Selected item type: Device, id: 2115352179712
2025-04-06 21:15:38,195 - controllers.properties_controller - INFO - SELECTION DEBUG: Selected item type: Device, id: 2115352177264
2025-04-06 21:15:38,195 - controllers.properties_controller - INFO - SELECTION DEBUG: Selected item type: Device, id: 2115352176832
2025-04-06 21:15:38,195 - controllers.properties_controller - INFO - SELECTION DEBUG: Updating properties panel
2025-04-06 21:15:38,195 - controllers.properties_controller - INFO - SELECTION DEBUG: Multiple items (4), filtered to 4 devices
2025-04-06 21:15:38,197 - models.device - DEBUG - EMIT DEBUG: Emitted selected signal for device ' 5' with state True
2025-04-06 21:15:38,197 - models.device - DEBUG - CHANGE DEBUG: Device ' 2' selection changing to True
2025-04-06 21:15:38,197 - models.device - DEBUG - CHANGE DEBUG: Device ' 2' selection state changed to True
2025-04-06 21:15:38,197 - views.canvas.canvas - DEBUG - SELECTION DEBUG: Device selected:  2, is_selected=True
2025-04-06 21:15:38,197 - controllers.properties_controller - INFO - SELECTION DEBUG: Selection changed with 5 items
2025-04-06 21:15:38,197 - controllers.properties_controller - INFO - SELECTION DEBUG: Selected item type: Device, id: 2115352181440
2025-04-06 21:15:38,197 - controllers.properties_controller - INFO - SELECTION DEBUG: Selected item type: Device, id: 2115352179712
2025-04-06 21:15:38,197 - controllers.properties_controller - INFO - SELECTION DEBUG: Selected item type: Device, id: 2115352177264
2025-04-06 21:15:38,197 - controllers.properties_controller - INFO - SELECTION DEBUG: Selected item type: Device, id: 2115352180576
2025-04-06 21:15:38,197 - controllers.properties_controller - INFO - SELECTION DEBUG: Selected item type: Device, id: 2115352176832
2025-04-06 21:15:38,197 - controllers.properties_controller - INFO - SELECTION DEBUG: Updating properties panel
2025-04-06 21:15:38,197 - controllers.properties_controller - INFO - SELECTION DEBUG: Multiple items (5), filtered to 5 devices
2025-04-06 21:15:38,200 - models.device - DEBUG - EMIT DEBUG: Emitted selected signal for device ' 2' with state True
2025-04-06 21:15:38,662 - controllers.properties_controller - INFO - SELECTION DEBUG: Selection changed with 5 items
2025-04-06 21:15:38,662 - controllers.properties_controller - INFO - SELECTION DEBUG: Selected item type: Device, id: 2115352181440
2025-04-06 21:15:38,662 - controllers.properties_controller - INFO - SELECTION DEBUG: Selected item type: Device, id: 2115352179712
2025-04-06 21:15:38,662 - controllers.properties_controller - INFO - SELECTION DEBUG: Selected item type: Device, id: 2115352177264
2025-04-06 21:15:38,662 - controllers.properties_controller - INFO - SELECTION DEBUG: Selected item type: Device, id: 2115352180576
2025-04-06 21:15:38,662 - controllers.properties_controller - INFO - SELECTION DEBUG: Selected item type: Device, id: 2115352176832
2025-04-06 21:15:38,662 - controllers.properties_controller - INFO - SELECTION DEBUG: Updating properties panel
2025-04-06 21:15:38,662 - controllers.properties_controller - INFO - SELECTION DEBUG: Multiple items (5), filtered to 5 devices
2025-04-06 21:15:39,710 - controllers.properties_controller - INFO - SELECTION DEBUG: Selection changed with 5 items
2025-04-06 21:15:39,710 - controllers.properties_controller - INFO - SELECTION DEBUG: Selected item type: Device, id: 2115352181440
2025-04-06 21:15:39,710 - controllers.properties_controller - INFO - SELECTION DEBUG: Selected item type: Device, id: 2115352179712
2025-04-06 21:15:39,710 - controllers.properties_controller - INFO - SELECTION DEBUG: Selected item type: Device, id: 2115352177264
2025-04-06 21:15:39,710 - controllers.properties_controller - INFO - SELECTION DEBUG: Selected item type: Device, id: 2115352180576
2025-04-06 21:15:39,710 - controllers.properties_controller - INFO - SELECTION DEBUG: Selected item type: Device, id: 2115352176832
2025-04-06 21:15:39,710 - controllers.properties_controller - INFO - SELECTION DEBUG: Updating properties panel
2025-04-06 21:15:39,711 - controllers.properties_controller - INFO - SELECTION DEBUG: Multiple items (5), filtered to 5 devices
2025-04-06 21:15:45,552 - models.device - DEBUG - CHANGE DEBUG: Device ' 3' position changing
2025-04-06 21:15:45,554 - models.device - DEBUG - CHANGE DEBUG: Device ' 3' position changed
2025-04-06 21:15:45,554 - models.device - DEBUG - UPDATE PROPS DEBUG: Updating property labels for ' 3', current count: 0
2025-04-06 21:15:45,554 - models.device - DEBUG - UPDATE PROPS DEBUG: Found 0 properties to display: []
2025-04-06 21:15:45,554 - models.device - DEBUG - CHANGE DEBUG: Device ' 1' position changing
2025-04-06 21:15:45,554 - models.device - DEBUG - CHANGE DEBUG: Device ' 1' position changed
2025-04-06 21:15:45,554 - models.device - DEBUG - UPDATE PROPS DEBUG: Updating property labels for ' 1', current count: 0
2025-04-06 21:15:45,554 - models.device - DEBUG - UPDATE PROPS DEBUG: Found 0 properties to display: []
2025-04-06 21:15:45,554 - models.device - DEBUG - CHANGE DEBUG: Device ' 5' position changing
2025-04-06 21:15:45,554 - models.device - DEBUG - CHANGE DEBUG: Device ' 5' position changed
2025-04-06 21:15:45,554 - models.device - DEBUG - UPDATE PROPS DEBUG: Updating property labels for ' 5', current count: 0
2025-04-06 21:15:45,554 - models.device - DEBUG - UPDATE PROPS DEBUG: Found 0 properties to display: []
2025-04-06 21:15:45,554 - models.device - DEBUG - CHANGE DEBUG: Device ' 2' position changing
2025-04-06 21:15:45,554 - models.device - DEBUG - CHANGE DEBUG: Device ' 2' position changed
2025-04-06 21:15:45,554 - models.device - DEBUG - UPDATE PROPS DEBUG: Updating property labels for ' 2', current count: 1
2025-04-06 21:15:45,554 - models.device - DEBUG - UPDATE PROPS DEBUG: Found 1 properties to display: ['ip_address']
2025-04-06 21:15:45,554 - models.device - DEBUG - UPDATE PROPS DEBUG: Updated property labels, final count: 1
2025-04-06 21:15:45,554 - models.device - DEBUG - CHANGE DEBUG: Device ' 4' position changing
2025-04-06 21:15:45,554 - models.device - DEBUG - CHANGE DEBUG: Device ' 4' position changed
2025-04-06 21:15:45,554 - models.device - DEBUG - UPDATE PROPS DEBUG: Updating property labels for ' 4', current count: 0
2025-04-06 21:15:45,554 - models.device - DEBUG - UPDATE PROPS DEBUG: Found 0 properties to display: []
2025-04-06 21:15:45,554 - controllers.undo_redo_manager - DEBUG - UNDO_REDO: Pushing command AlignDevicesCommand: Align Devices (circle)
2025-04-06 21:15:45,554 - controllers.undo_redo_manager - DEBUG - UNDO_REDO: Set is_executing_command to True (was False)
2025-04-06 21:15:45,554 - controllers.undo_redo_manager - DEBUG - UNDO_REDO: Restored is_executing_command to False
2025-04-06 21:15:45,554 - controllers.undo_redo_manager - DEBUG - UNDO_REDO: Command executed and pushed to stack (stack size: 9)
2025-04-06 21:15:46,342 - models.device - DEBUG - CHANGE DEBUG: Device ' 3' selection changing to False
2025-04-06 21:15:46,342 - models.device - DEBUG - CHANGE DEBUG: Device ' 3' selection state changed to False
2025-04-06 21:15:46,342 - views.canvas.canvas - DEBUG - SELECTION DEBUG: Device selected:  3, is_selected=False
2025-04-06 21:15:46,342 - models.device - DEBUG - EMIT DEBUG: Emitted selected signal for device ' 3' with state False
2025-04-06 21:15:46,342 - models.device - DEBUG - CHANGE DEBUG: Device ' 1' selection changing to False
2025-04-06 21:15:46,342 - models.device - DEBUG - CHANGE DEBUG: Device ' 1' selection state changed to False
2025-04-06 21:15:46,342 - views.canvas.canvas - DEBUG - SELECTION DEBUG: Device selected:  1, is_selected=False
2025-04-06 21:15:46,342 - models.device - DEBUG - EMIT DEBUG: Emitted selected signal for device ' 1' with state False
2025-04-06 21:15:46,342 - models.device - DEBUG - CHANGE DEBUG: Device ' 5' selection changing to False
2025-04-06 21:15:46,342 - models.device - DEBUG - CHANGE DEBUG: Device ' 5' selection state changed to False
2025-04-06 21:15:46,342 - views.canvas.canvas - DEBUG - SELECTION DEBUG: Device selected:  5, is_selected=False
2025-04-06 21:15:46,342 - models.device - DEBUG - EMIT DEBUG: Emitted selected signal for device ' 5' with state False
2025-04-06 21:15:46,342 - models.device - DEBUG - CHANGE DEBUG: Device ' 2' selection changing to False
2025-04-06 21:15:46,342 - models.device - DEBUG - CHANGE DEBUG: Device ' 2' selection state changed to False
2025-04-06 21:15:46,342 - views.canvas.canvas - DEBUG - SELECTION DEBUG: Device selected:  2, is_selected=False
2025-04-06 21:15:46,342 - models.device - DEBUG - EMIT DEBUG: Emitted selected signal for device ' 2' with state False
2025-04-06 21:15:46,342 - models.device - DEBUG - CHANGE DEBUG: Device ' 4' selection changing to False
2025-04-06 21:15:46,342 - models.device - DEBUG - CHANGE DEBUG: Device ' 4' selection state changed to False
2025-04-06 21:15:46,342 - views.canvas.canvas - DEBUG - SELECTION DEBUG: Device selected:  4, is_selected=False
2025-04-06 21:15:46,342 - models.device - DEBUG - EMIT DEBUG: Emitted selected signal for device ' 4' with state False
2025-04-06 21:15:46,417 - views.canvas.modes.select_mode - DEBUG - Selection complete: 0 items selected
2025-04-06 21:15:46,417 - controllers.properties_controller - INFO - SELECTION DEBUG: Selection changed with 0 items
2025-04-06 21:15:47,564 - models.device - DEBUG - CHANGE DEBUG: Device ' 2' selection changing to True
2025-04-06 21:15:47,564 - models.device - DEBUG - CHANGE DEBUG: Device ' 2' selection state changed to True
2025-04-06 21:15:47,564 - views.canvas.canvas - DEBUG - SELECTION DEBUG: Device selected:  2, is_selected=True
2025-04-06 21:15:47,564 - controllers.properties_controller - INFO - SELECTION DEBUG: Selection changed with 1 items
2025-04-06 21:15:47,564 - controllers.properties_controller - INFO - SELECTION DEBUG: Selected item type: Device, id: 2115352180576
2025-04-06 21:15:47,564 - controllers.properties_controller - INFO - SELECTION DEBUG: Updating properties panel
2025-04-06 21:15:47,566 - controllers.properties_controller - INFO - SELECTION DEBUG: Single item selected, type: Device, id: 2115352180576
2025-04-06 21:15:47,566 - controllers.properties_controller - INFO - SELECTION DEBUG: Displaying properties for item: Device
2025-04-06 21:15:47,566 - views.properties_panel - INFO - PANEL DEBUG: Displaying properties for item type: Device, id: 2115352180576
2025-04-06 21:15:47,566 - views.properties_panel - INFO - PANEL DEBUG: Set current_item reference to: Device
2025-04-06 21:15:47,575 - views.properties_panel - INFO - PANEL DEBUG: Setting name field to:  2
2025-04-06 21:15:47,575 - views.properties_panel - INFO - PANEL DEBUG: Setting z-index to: 10.0
2025-04-06 21:15:47,575 - views.properties_panel - INFO - PANEL DEBUG: Item is a Device, showing device properties
2025-04-06 21:15:47,575 - views.properties_panel - INFO - PANEL DEBUG: Setting up device properties for:  2
2025-04-06 21:15:47,576 - views.properties_panel - INFO - PANEL DEBUG: Device type set to: router
2025-04-06 21:15:47,576 - views.properties_panel - INFO - PANEL DEBUG: Device has 5 properties
2025-04-06 21:15:47,576 - views.properties_panel - INFO - PANEL DEBUG: Device properties display completed
2025-04-06 21:15:47,577 - controllers.properties_controller - INFO - Selected item: Device
2025-04-06 21:15:47,577 - models.device - DEBUG - EMIT DEBUG: Emitted selected signal for device ' 2' with state True
2025-04-06 21:15:47,617 - models.device - DEBUG - CHANGE DEBUG: Device ' 2' position changing
2025-04-06 21:15:47,617 - models.device - DEBUG - CHANGE DEBUG: Device ' 2' position changed
2025-04-06 21:15:47,617 - models.device - DEBUG - UPDATE PROPS DEBUG: Updating property labels for ' 2', current count: 1
2025-04-06 21:15:47,617 - models.device - DEBUG - UPDATE PROPS DEBUG: Found 1 properties to display: ['ip_address']
2025-04-06 21:15:47,617 - models.device - DEBUG - UPDATE PROPS DEBUG: Updated property labels, final count: 1
2025-04-06 21:15:47,617 - models.device - DEBUG - UPDATE PROPS DEBUG: Updating property labels for ' 2', current count: 1
2025-04-06 21:15:47,617 - models.device - DEBUG - UPDATE PROPS DEBUG: Found 1 properties to display: ['ip_address']
2025-04-06 21:15:47,617 - models.device - DEBUG - UPDATE PROPS DEBUG: Updated property labels, final count: 1
2025-04-06 21:15:47,617 - models.device - DEBUG - MOVE DEBUG: Device ' 2' moved. Property labels count: 1
2025-04-06 21:15:47,617 - models.device - DEBUG - MOVE DEBUG: Displayed properties: ['ip_address']
2025-04-06 21:15:47,735 - controllers.properties_controller - INFO - SELECTION DEBUG: Selection changed with 1 items
2025-04-06 21:15:47,735 - controllers.properties_controller - INFO - SELECTION DEBUG: Selected item type: Device, id: 2115352180576
2025-04-06 21:15:47,735 - controllers.properties_controller - INFO - SELECTION DEBUG: Updating properties panel
2025-04-06 21:15:47,735 - controllers.properties_controller - INFO - SELECTION DEBUG: Single item selected, type: Device, id: 2115352180576
2025-04-06 21:15:47,735 - controllers.properties_controller - INFO - SELECTION DEBUG: Displaying properties for item: Device
2025-04-06 21:15:47,735 - views.properties_panel - INFO - PANEL DEBUG: Displaying properties for item type: Device, id: 2115352180576
2025-04-06 21:15:47,736 - views.properties_panel - INFO - PANEL DEBUG: Set current_item reference to: Device
2025-04-06 21:15:47,736 - views.properties_panel - INFO - PANEL DEBUG: Setting name field to:  2
2025-04-06 21:15:47,736 - views.properties_panel - INFO - PANEL DEBUG: Setting z-index to: 10.0
2025-04-06 21:15:47,736 - views.properties_panel - INFO - PANEL DEBUG: Item is a Device, showing device properties
2025-04-06 21:15:47,736 - views.properties_panel - INFO - PANEL DEBUG: Setting up device properties for:  2
2025-04-06 21:15:47,738 - views.properties_panel - INFO - PANEL DEBUG: Device type set to: router
2025-04-06 21:15:47,738 - views.properties_panel - INFO - PANEL DEBUG: Device has 5 properties
2025-04-06 21:15:47,738 - views.properties_panel - INFO - PANEL DEBUG: Device properties display completed
2025-04-06 21:15:47,738 - controllers.properties_controller - INFO - Selected item: Device
2025-04-06 21:15:49,414 - controllers.properties_controller - INFO - SELECTION DEBUG: Selection changed with 1 items
2025-04-06 21:15:49,414 - controllers.properties_controller - INFO - SELECTION DEBUG: Selected item type: Device, id: 2115352180576
2025-04-06 21:15:49,414 - controllers.properties_controller - INFO - SELECTION DEBUG: Updating properties panel
2025-04-06 21:15:49,414 - controllers.properties_controller - INFO - SELECTION DEBUG: Single item selected, type: Device, id: 2115352180576
2025-04-06 21:15:49,414 - controllers.properties_controller - INFO - SELECTION DEBUG: Displaying properties for item: Device
2025-04-06 21:15:49,414 - views.properties_panel - INFO - PANEL DEBUG: Displaying properties for item type: Device, id: 2115352180576
2025-04-06 21:15:49,415 - views.properties_panel - INFO - PANEL DEBUG: Set current_item reference to: Device
2025-04-06 21:15:49,415 - views.properties_panel - INFO - PANEL DEBUG: Recreating panel sections
2025-04-06 21:15:49,430 - views.properties_panel - INFO - PANEL DEBUG: Setting name field to:  2
2025-04-06 21:15:49,430 - views.properties_panel - INFO - PANEL DEBUG: Setting z-index to: 10.0
2025-04-06 21:15:49,430 - views.properties_panel - INFO - PANEL DEBUG: Item is a Device, showing device properties
2025-04-06 21:15:49,430 - views.properties_panel - INFO - PANEL DEBUG: Setting up device properties for:  2
2025-04-06 21:15:49,432 - views.properties_panel - INFO - PANEL DEBUG: Device type set to: router
2025-04-06 21:15:49,432 - views.properties_panel - INFO - PANEL DEBUG: Device has 5 properties
2025-04-06 21:15:49,432 - views.properties_panel - INFO - PANEL DEBUG: Device properties display completed
2025-04-06 21:15:49,433 - controllers.properties_controller - INFO - Selected item: Device
2025-04-06 21:15:51,527 - models.device - DEBUG - UPDATE PROPS DEBUG: Updating property labels for ' 2', current count: 1
2025-04-06 21:15:51,527 - models.device - DEBUG - UPDATE PROPS DEBUG: Found 0 properties to display: []
2025-04-06 21:15:51,527 - models.device - DEBUG - UPDATE PROPS DEBUG: Updating property labels for ' 2', current count: 0
2025-04-06 21:15:51,527 - models.device - DEBUG - UPDATE PROPS DEBUG: Found 0 properties to display: []
2025-04-06 21:15:52,264 - models.device - DEBUG - CHANGE DEBUG: Device ' 2' selection changing to False
2025-04-06 21:15:52,265 - models.device - DEBUG - CHANGE DEBUG: Device ' 2' selection state changed to False
2025-04-06 21:15:52,265 - views.canvas.canvas - DEBUG - SELECTION DEBUG: Device selected:  2, is_selected=False
2025-04-06 21:15:52,265 - models.device - DEBUG - EMIT DEBUG: Emitted selected signal for device ' 2' with state False
2025-04-06 21:15:53,129 - models.device - DEBUG - CHANGE DEBUG: Device ' 2' selection changing to True
2025-04-06 21:15:53,129 - models.device - DEBUG - CHANGE DEBUG: Device ' 2' selection state changed to True
2025-04-06 21:15:53,129 - views.canvas.canvas - DEBUG - SELECTION DEBUG: Device selected:  2, is_selected=True
2025-04-06 21:15:53,129 - controllers.properties_controller - INFO - SELECTION DEBUG: Selection changed with 1 items
2025-04-06 21:15:53,129 - controllers.properties_controller - INFO - SELECTION DEBUG: Selected item type: Device, id: 2115352180576
2025-04-06 21:15:53,129 - controllers.properties_controller - INFO - SELECTION DEBUG: Updating properties panel
2025-04-06 21:15:53,130 - controllers.properties_controller - INFO - SELECTION DEBUG: Single item selected, type: Device, id: 2115352180576
2025-04-06 21:15:53,130 - controllers.properties_controller - INFO - SELECTION DEBUG: Displaying properties for item: Device
2025-04-06 21:15:53,130 - views.properties_panel - INFO - PANEL DEBUG: Displaying properties for item type: Device, id: 2115352180576
2025-04-06 21:15:53,130 - views.properties_panel - INFO - PANEL DEBUG: Set current_item reference to: Device
2025-04-06 21:15:53,130 - views.properties_panel - INFO - PANEL DEBUG: Setting name field to:  2
2025-04-06 21:15:53,130 - views.properties_panel - INFO - PANEL DEBUG: Setting z-index to: 10.0
2025-04-06 21:15:53,130 - views.properties_panel - INFO - PANEL DEBUG: Item is a Device, showing device properties
2025-04-06 21:15:53,130 - views.properties_panel - INFO - PANEL DEBUG: Setting up device properties for:  2
2025-04-06 21:15:53,130 - views.properties_panel - INFO - PANEL DEBUG: Device type set to: router
2025-04-06 21:15:53,132 - views.properties_panel - INFO - PANEL DEBUG: Device has 5 properties
2025-04-06 21:15:53,132 - views.properties_panel - INFO - PANEL DEBUG: Device properties display completed
2025-04-06 21:15:53,132 - controllers.properties_controller - INFO - Selected item: Device
2025-04-06 21:15:53,132 - models.device - DEBUG - EMIT DEBUG: Emitted selected signal for device ' 2' with state True
2025-04-06 21:15:53,175 - models.device - DEBUG - CHANGE DEBUG: Device ' 5' selection changing to True
2025-04-06 21:15:53,175 - models.device - DEBUG - CHANGE DEBUG: Device ' 5' selection state changed to True
2025-04-06 21:15:53,175 - views.canvas.canvas - DEBUG - SELECTION DEBUG: Device selected:  5, is_selected=True
2025-04-06 21:15:53,176 - controllers.properties_controller - INFO - SELECTION DEBUG: Selection changed with 2 items
2025-04-06 21:15:53,176 - controllers.properties_controller - INFO - SELECTION DEBUG: Selected item type: Device, id: 2115352180576
2025-04-06 21:15:53,176 - controllers.properties_controller - INFO - SELECTION DEBUG: Selected item type: Device, id: 2115352177264
2025-04-06 21:15:53,176 - controllers.properties_controller - INFO - SELECTION DEBUG: Updating properties panel
2025-04-06 21:15:53,176 - controllers.properties_controller - INFO - SELECTION DEBUG: Multiple items (2), filtered to 2 devices
2025-04-06 21:15:53,185 - models.device - DEBUG - EMIT DEBUG: Emitted selected signal for device ' 5' with state True
2025-04-06 21:15:53,185 - models.device - DEBUG - CHANGE DEBUG: Device ' 4' selection changing to True
2025-04-06 21:15:53,185 - models.device - DEBUG - CHANGE DEBUG: Device ' 4' selection state changed to True
2025-04-06 21:15:53,185 - views.canvas.canvas - DEBUG - SELECTION DEBUG: Device selected:  4, is_selected=True
2025-04-06 21:15:53,185 - controllers.properties_controller - INFO - SELECTION DEBUG: Selection changed with 3 items
2025-04-06 21:15:53,185 - controllers.properties_controller - INFO - SELECTION DEBUG: Selected item type: Device, id: 2115352180576
2025-04-06 21:15:53,185 - controllers.properties_controller - INFO - SELECTION DEBUG: Selected item type: Device, id: 2115352177264
2025-04-06 21:15:53,185 - controllers.properties_controller - INFO - SELECTION DEBUG: Selected item type: Device, id: 2115352176832
2025-04-06 21:15:53,185 - controllers.properties_controller - INFO - SELECTION DEBUG: Updating properties panel
2025-04-06 21:15:53,186 - controllers.properties_controller - INFO - SELECTION DEBUG: Multiple items (3), filtered to 3 devices
2025-04-06 21:15:53,187 - models.device - DEBUG - EMIT DEBUG: Emitted selected signal for device ' 4' with state True
2025-04-06 21:15:53,213 - models.device - DEBUG - CHANGE DEBUG: Device ' 1' selection changing to True
2025-04-06 21:15:53,214 - models.device - DEBUG - CHANGE DEBUG: Device ' 1' selection state changed to True
2025-04-06 21:15:53,214 - views.canvas.canvas - DEBUG - SELECTION DEBUG: Device selected:  1, is_selected=True
2025-04-06 21:15:53,214 - controllers.properties_controller - INFO - SELECTION DEBUG: Selection changed with 4 items
2025-04-06 21:15:53,214 - controllers.properties_controller - INFO - SELECTION DEBUG: Selected item type: Device, id: 2115352179712
2025-04-06 21:15:53,214 - controllers.properties_controller - INFO - SELECTION DEBUG: Selected item type: Device, id: 2115352180576
2025-04-06 21:15:53,214 - controllers.properties_controller - INFO - SELECTION DEBUG: Selected item type: Device, id: 2115352177264
2025-04-06 21:15:53,214 - controllers.properties_controller - INFO - SELECTION DEBUG: Selected item type: Device, id: 2115352176832
2025-04-06 21:15:53,214 - controllers.properties_controller - INFO - SELECTION DEBUG: Updating properties panel
2025-04-06 21:15:53,215 - controllers.properties_controller - INFO - SELECTION DEBUG: Multiple items (4), filtered to 4 devices
2025-04-06 21:15:53,216 - models.device - DEBUG - EMIT DEBUG: Emitted selected signal for device ' 1' with state True
2025-04-06 21:15:53,274 - models.device - DEBUG - CHANGE DEBUG: Device ' 3' selection changing to True
2025-04-06 21:15:53,274 - models.device - DEBUG - CHANGE DEBUG: Device ' 3' selection state changed to True
2025-04-06 21:15:53,274 - views.canvas.canvas - DEBUG - SELECTION DEBUG: Device selected:  3, is_selected=True
2025-04-06 21:15:53,274 - controllers.properties_controller - INFO - SELECTION DEBUG: Selection changed with 5 items
2025-04-06 21:15:53,274 - controllers.properties_controller - INFO - SELECTION DEBUG: Selected item type: Device, id: 2115352181440
2025-04-06 21:15:53,274 - controllers.properties_controller - INFO - SELECTION DEBUG: Selected item type: Device, id: 2115352179712
2025-04-06 21:15:53,274 - controllers.properties_controller - INFO - SELECTION DEBUG: Selected item type: Device, id: 2115352180576
2025-04-06 21:15:53,276 - controllers.properties_controller - INFO - SELECTION DEBUG: Selected item type: Device, id: 2115352177264
2025-04-06 21:15:53,276 - controllers.properties_controller - INFO - SELECTION DEBUG: Selected item type: Device, id: 2115352176832
2025-04-06 21:15:53,276 - controllers.properties_controller - INFO - SELECTION DEBUG: Updating properties panel
2025-04-06 21:15:53,276 - controllers.properties_controller - INFO - SELECTION DEBUG: Multiple items (5), filtered to 5 devices
2025-04-06 21:15:53,278 - models.device - DEBUG - EMIT DEBUG: Emitted selected signal for device ' 3' with state True
2025-04-06 21:15:53,697 - controllers.properties_controller - INFO - SELECTION DEBUG: Selection changed with 5 items
2025-04-06 21:15:53,697 - controllers.properties_controller - INFO - SELECTION DEBUG: Selected item type: Device, id: 2115352181440
2025-04-06 21:15:53,697 - controllers.properties_controller - INFO - SELECTION DEBUG: Selected item type: Device, id: 2115352179712
2025-04-06 21:15:53,697 - controllers.properties_controller - INFO - SELECTION DEBUG: Selected item type: Device, id: 2115352180576
2025-04-06 21:15:53,697 - controllers.properties_controller - INFO - SELECTION DEBUG: Selected item type: Device, id: 2115352177264
2025-04-06 21:15:53,697 - controllers.properties_controller - INFO - SELECTION DEBUG: Selected item type: Device, id: 2115352176832
2025-04-06 21:15:53,698 - controllers.properties_controller - INFO - SELECTION DEBUG: Updating properties panel
2025-04-06 21:15:53,698 - controllers.properties_controller - INFO - SELECTION DEBUG: Multiple items (5), filtered to 5 devices
2025-04-06 21:16:02,653 - models.device - DEBUG - CHANGE DEBUG: Device ' 3' selection changing to False
2025-04-06 21:16:02,653 - models.device - DEBUG - CHANGE DEBUG: Device ' 3' selection state changed to False
2025-04-06 21:16:02,653 - views.canvas.canvas - DEBUG - SELECTION DEBUG: Device selected:  3, is_selected=False
2025-04-06 21:16:02,653 - models.device - DEBUG - EMIT DEBUG: Emitted selected signal for device ' 3' with state False
2025-04-06 21:16:02,653 - models.device - DEBUG - CHANGE DEBUG: Device ' 1' selection changing to False
2025-04-06 21:16:02,653 - models.device - DEBUG - CHANGE DEBUG: Device ' 1' selection state changed to False
2025-04-06 21:16:02,653 - views.canvas.canvas - DEBUG - SELECTION DEBUG: Device selected:  1, is_selected=False
2025-04-06 21:16:02,653 - models.device - DEBUG - EMIT DEBUG: Emitted selected signal for device ' 1' with state False
2025-04-06 21:16:02,653 - models.device - DEBUG - CHANGE DEBUG: Device ' 2' selection changing to False
2025-04-06 21:16:02,653 - models.device - DEBUG - CHANGE DEBUG: Device ' 2' selection state changed to False
2025-04-06 21:16:02,653 - views.canvas.canvas - DEBUG - SELECTION DEBUG: Device selected:  2, is_selected=False
2025-04-06 21:16:02,653 - models.device - DEBUG - EMIT DEBUG: Emitted selected signal for device ' 2' with state False
2025-04-06 21:16:02,653 - models.device - DEBUG - CHANGE DEBUG: Device ' 5' selection changing to False
2025-04-06 21:16:02,654 - models.device - DEBUG - CHANGE DEBUG: Device ' 5' selection state changed to False
2025-04-06 21:16:02,654 - views.canvas.canvas - DEBUG - SELECTION DEBUG: Device selected:  5, is_selected=False
2025-04-06 21:16:02,654 - models.device - DEBUG - EMIT DEBUG: Emitted selected signal for device ' 5' with state False
2025-04-06 21:16:02,704 - controllers.properties_controller - INFO - SELECTION DEBUG: Selection changed with 1 items
2025-04-06 21:16:02,704 - controllers.properties_controller - INFO - SELECTION DEBUG: Selected item type: Device, id: 2115352176832
2025-04-06 21:16:02,704 - controllers.properties_controller - INFO - SELECTION DEBUG: Updating properties panel
2025-04-06 21:16:02,704 - controllers.properties_controller - INFO - SELECTION DEBUG: Single item selected, type: Device, id: 2115352176832
2025-04-06 21:16:02,704 - controllers.properties_controller - INFO - SELECTION DEBUG: Displaying properties for item: Device
2025-04-06 21:16:02,704 - views.properties_panel - INFO - PANEL DEBUG: Displaying properties for item type: Device, id: 2115352176832
2025-04-06 21:16:02,705 - views.properties_panel - INFO - PANEL DEBUG: Set current_item reference to: Device
2025-04-06 21:16:02,714 - views.properties_panel - INFO - PANEL DEBUG: Setting name field to:  4
2025-04-06 21:16:02,714 - views.properties_panel - INFO - PANEL DEBUG: Setting z-index to: 10.0
2025-04-06 21:16:02,715 - views.properties_panel - INFO - PANEL DEBUG: Item is a Device, showing device properties
2025-04-06 21:16:02,715 - views.properties_panel - INFO - PANEL DEBUG: Setting up device properties for:  4
2025-04-06 21:16:02,716 - views.properties_panel - INFO - PANEL DEBUG: Device type set to: router
2025-04-06 21:16:02,716 - views.properties_panel - INFO - PANEL DEBUG: Device has 5 properties
2025-04-06 21:16:02,717 - views.properties_panel - INFO - PANEL DEBUG: Device properties display completed
2025-04-06 21:16:02,717 - controllers.properties_controller - INFO - Selected item: Device
2025-04-06 21:16:07,771 - models.device - DEBUG - UPDATE PROPS DEBUG: Updating property labels for ' 4', current count: 0
2025-04-06 21:16:07,771 - models.device - DEBUG - UPDATE PROPS DEBUG: Found 1 properties to display: ['description']
2025-04-06 21:16:07,772 - models.device - DEBUG - UPDATE PROPS DEBUG: Updated property labels, final count: 1
2025-04-06 21:16:07,772 - models.device - DEBUG - UPDATE PROPS DEBUG: Updating property labels for ' 4', current count: 1
2025-04-06 21:16:07,772 - models.device - DEBUG - UPDATE PROPS DEBUG: Found 1 properties to display: ['description']
2025-04-06 21:16:07,772 - models.device - DEBUG - UPDATE PROPS DEBUG: Updated property labels, final count: 1
2025-04-06 21:16:08,720 - models.device - DEBUG - UPDATE PROPS DEBUG: Updating property labels for ' 4', current count: 1
2025-04-06 21:16:08,720 - models.device - DEBUG - UPDATE PROPS DEBUG: Found 0 properties to display: []
2025-04-06 21:16:08,720 - models.device - DEBUG - UPDATE PROPS DEBUG: Updating property labels for ' 4', current count: 0
2025-04-06 21:16:08,720 - models.device - DEBUG - UPDATE PROPS DEBUG: Found 0 properties to display: []
2025-04-06 21:16:10,018 - models.device - DEBUG - CHANGE DEBUG: Device ' 4' selection changing to False
2025-04-06 21:16:10,018 - models.device - DEBUG - CHANGE DEBUG: Device ' 4' selection state changed to False
2025-04-06 21:16:10,018 - views.canvas.canvas - DEBUG - SELECTION DEBUG: Device selected:  4, is_selected=False
2025-04-06 21:16:10,018 - models.device - DEBUG - EMIT DEBUG: Emitted selected signal for device ' 4' with state False
2025-04-06 21:16:10,216 - models.device - DEBUG - CHANGE DEBUG: Device ' 4' selection changing to True
2025-04-06 21:16:10,216 - models.device - DEBUG - CHANGE DEBUG: Device ' 4' selection state changed to True
2025-04-06 21:16:10,216 - views.canvas.canvas - DEBUG - SELECTION DEBUG: Device selected:  4, is_selected=True
2025-04-06 21:16:10,216 - controllers.properties_controller - INFO - SELECTION DEBUG: Selection changed with 1 items
2025-04-06 21:16:10,216 - controllers.properties_controller - INFO - SELECTION DEBUG: Selected item type: Device, id: 2115352176832
2025-04-06 21:16:10,216 - controllers.properties_controller - INFO - SELECTION DEBUG: Updating properties panel
2025-04-06 21:16:10,217 - controllers.properties_controller - INFO - SELECTION DEBUG: Single item selected, type: Device, id: 2115352176832
2025-04-06 21:16:10,217 - controllers.properties_controller - INFO - SELECTION DEBUG: Displaying properties for item: Device
2025-04-06 21:16:10,217 - views.properties_panel - INFO - PANEL DEBUG: Displaying properties for item type: Device, id: 2115352176832
2025-04-06 21:16:10,217 - views.properties_panel - INFO - PANEL DEBUG: Set current_item reference to: Device
2025-04-06 21:16:10,217 - views.properties_panel - INFO - PANEL DEBUG: Setting name field to:  4
2025-04-06 21:16:10,217 - views.properties_panel - INFO - PANEL DEBUG: Setting z-index to: 10.0
2025-04-06 21:16:10,217 - views.properties_panel - INFO - PANEL DEBUG: Item is a Device, showing device properties
2025-04-06 21:16:10,218 - views.properties_panel - INFO - PANEL DEBUG: Setting up device properties for:  4
2025-04-06 21:16:10,218 - views.properties_panel - INFO - PANEL DEBUG: Device type set to: router
2025-04-06 21:16:10,218 - views.properties_panel - INFO - PANEL DEBUG: Device has 5 properties
2025-04-06 21:16:10,219 - views.properties_panel - INFO - PANEL DEBUG: Device properties display completed
2025-04-06 21:16:10,219 - controllers.properties_controller - INFO - Selected item: Device
2025-04-06 21:16:10,219 - models.device - DEBUG - EMIT DEBUG: Emitted selected signal for device ' 4' with state True
2025-04-06 21:16:10,231 - models.device - DEBUG - CHANGE DEBUG: Device ' 3' selection changing to True
2025-04-06 21:16:10,231 - models.device - DEBUG - CHANGE DEBUG: Device ' 3' selection state changed to True
2025-04-06 21:16:10,231 - views.canvas.canvas - DEBUG - SELECTION DEBUG: Device selected:  3, is_selected=True
2025-04-06 21:16:10,231 - controllers.properties_controller - INFO - SELECTION DEBUG: Selection changed with 2 items
2025-04-06 21:16:10,231 - controllers.properties_controller - INFO - SELECTION DEBUG: Selected item type: Device, id: 2115352181440
2025-04-06 21:16:10,231 - controllers.properties_controller - INFO - SELECTION DEBUG: Selected item type: Device, id: 2115352176832
2025-04-06 21:16:10,231 - controllers.properties_controller - INFO - SELECTION DEBUG: Updating properties panel
2025-04-06 21:16:10,231 - controllers.properties_controller - INFO - SELECTION DEBUG: Multiple items (2), filtered to 2 devices
2025-04-06 21:16:10,240 - models.device - DEBUG - EMIT DEBUG: Emitted selected signal for device ' 3' with state True
2025-04-06 21:16:10,314 - models.device - DEBUG - CHANGE DEBUG: Device ' 5' selection changing to True
2025-04-06 21:16:10,314 - models.device - DEBUG - CHANGE DEBUG: Device ' 5' selection state changed to True
2025-04-06 21:16:10,314 - views.canvas.canvas - DEBUG - SELECTION DEBUG: Device selected:  5, is_selected=True
2025-04-06 21:16:10,314 - controllers.properties_controller - INFO - SELECTION DEBUG: Selection changed with 3 items
2025-04-06 21:16:10,315 - controllers.properties_controller - INFO - SELECTION DEBUG: Selected item type: Device, id: 2115352181440
2025-04-06 21:16:10,315 - controllers.properties_controller - INFO - SELECTION DEBUG: Selected item type: Device, id: 2115352177264
2025-04-06 21:16:10,315 - controllers.properties_controller - INFO - SELECTION DEBUG: Selected item type: Device, id: 2115352176832
2025-04-06 21:16:10,315 - controllers.properties_controller - INFO - SELECTION DEBUG: Updating properties panel
2025-04-06 21:16:10,315 - controllers.properties_controller - INFO - SELECTION DEBUG: Multiple items (3), filtered to 3 devices
2025-04-06 21:16:10,317 - models.device - DEBUG - EMIT DEBUG: Emitted selected signal for device ' 5' with state True
2025-04-06 21:16:10,317 - models.device - DEBUG - CHANGE DEBUG: Device ' 2' selection changing to True
2025-04-06 21:16:10,317 - models.device - DEBUG - CHANGE DEBUG: Device ' 2' selection state changed to True
2025-04-06 21:16:10,317 - views.canvas.canvas - DEBUG - SELECTION DEBUG: Device selected:  2, is_selected=True
2025-04-06 21:16:10,317 - controllers.properties_controller - INFO - SELECTION DEBUG: Selection changed with 4 items
2025-04-06 21:16:10,317 - controllers.properties_controller - INFO - SELECTION DEBUG: Selected item type: Device, id: 2115352181440
2025-04-06 21:16:10,317 - controllers.properties_controller - INFO - SELECTION DEBUG: Selected item type: Device, id: 2115352177264
2025-04-06 21:16:10,317 - controllers.properties_controller - INFO - SELECTION DEBUG: Selected item type: Device, id: 2115352180576
2025-04-06 21:16:10,317 - controllers.properties_controller - INFO - SELECTION DEBUG: Selected item type: Device, id: 2115352176832
2025-04-06 21:16:10,318 - controllers.properties_controller - INFO - SELECTION DEBUG: Updating properties panel
2025-04-06 21:16:10,318 - controllers.properties_controller - INFO - SELECTION DEBUG: Multiple items (4), filtered to 4 devices
2025-04-06 21:16:10,319 - models.device - DEBUG - EMIT DEBUG: Emitted selected signal for device ' 2' with state True
2025-04-06 21:16:10,337 - models.device - DEBUG - CHANGE DEBUG: Device ' 1' selection changing to True
2025-04-06 21:16:10,337 - models.device - DEBUG - CHANGE DEBUG: Device ' 1' selection state changed to True
2025-04-06 21:16:10,338 - views.canvas.canvas - DEBUG - SELECTION DEBUG: Device selected:  1, is_selected=True
2025-04-06 21:16:10,338 - controllers.properties_controller - INFO - SELECTION DEBUG: Selection changed with 5 items
2025-04-06 21:16:10,338 - controllers.properties_controller - INFO - SELECTION DEBUG: Selected item type: Device, id: 2115352181440
2025-04-06 21:16:10,338 - controllers.properties_controller - INFO - SELECTION DEBUG: Selected item type: Device, id: 2115352179712
2025-04-06 21:16:10,338 - controllers.properties_controller - INFO - SELECTION DEBUG: Selected item type: Device, id: 2115352177264
2025-04-06 21:16:10,338 - controllers.properties_controller - INFO - SELECTION DEBUG: Selected item type: Device, id: 2115352180576
2025-04-06 21:16:10,338 - controllers.properties_controller - INFO - SELECTION DEBUG: Selected item type: Device, id: 2115352176832
2025-04-06 21:16:10,338 - controllers.properties_controller - INFO - SELECTION DEBUG: Updating properties panel
2025-04-06 21:16:10,338 - controllers.properties_controller - INFO - SELECTION DEBUG: Multiple items (5), filtered to 5 devices
2025-04-06 21:16:10,340 - models.device - DEBUG - EMIT DEBUG: Emitted selected signal for device ' 1' with state True
2025-04-06 21:16:10,866 - controllers.properties_controller - INFO - SELECTION DEBUG: Selection changed with 5 items
2025-04-06 21:16:10,866 - controllers.properties_controller - INFO - SELECTION DEBUG: Selected item type: Device, id: 2115352181440
2025-04-06 21:16:10,866 - controllers.properties_controller - INFO - SELECTION DEBUG: Selected item type: Device, id: 2115352179712
2025-04-06 21:16:10,866 - controllers.properties_controller - INFO - SELECTION DEBUG: Selected item type: Device, id: 2115352177264
2025-04-06 21:16:10,866 - controllers.properties_controller - INFO - SELECTION DEBUG: Selected item type: Device, id: 2115352180576
2025-04-06 21:16:10,866 - controllers.properties_controller - INFO - SELECTION DEBUG: Selected item type: Device, id: 2115352176832
2025-04-06 21:16:10,867 - controllers.properties_controller - INFO - SELECTION DEBUG: Updating properties panel
2025-04-06 21:16:10,867 - controllers.properties_controller - INFO - SELECTION DEBUG: Multiple items (5), filtered to 5 devices
2025-04-06 21:16:24,079 - views.canvas.modes.select_mode - DEBUG - SelectMode: Deactivated
2025-04-06 21:16:24,079 - views.canvas.canvas - INFO - Canvas: Switching to mode AddBoundaryMode
2025-04-06 21:16:24,906 - views.canvas.modes.add_boundary_mode - DEBUG - AddBoundaryMode: Starting boundary at -376.0, -332.0
2025-04-06 21:16:25,908 - views.canvas.modes.add_boundary_mode - DEBUG - AddBoundaryMode: Created boundary -376.0,-332.0 664.0x651.0
2025-04-06 21:16:25,908 - controllers.undo_redo_manager - DEBUG - UNDO_REDO: Checked is_in_command_execution, result=False
2025-04-06 21:16:25,908 - controllers.undo_redo_manager - DEBUG - UNDO_REDO: Pushing command AddBoundaryCommand: Add Boundary
2025-04-06 21:16:25,908 - controllers.undo_redo_manager - DEBUG - UNDO_REDO: Set is_executing_command to True (was False)
2025-04-06 21:16:25,911 - controllers.boundary_controller - INFO - Created boundary 'Boundary 1'
2025-04-06 21:16:25,911 - controllers.undo_redo_manager - DEBUG - UNDO_REDO: Restored is_executing_command to False
2025-04-06 21:16:25,911 - controllers.undo_redo_manager - DEBUG - UNDO_REDO: Command executed and pushed to stack (stack size: 10)
2025-04-06 21:16:25,911 - views.canvas.graphics_manager - DEBUG - Removed temporary item 1
2025-04-06 21:16:25,961 - controllers.properties_controller - INFO - SELECTION DEBUG: Selection changed with 5 items
2025-04-06 21:16:25,961 - controllers.properties_controller - INFO - SELECTION DEBUG: Selected item type: Device, id: 2115352181440
2025-04-06 21:16:25,961 - controllers.properties_controller - INFO - SELECTION DEBUG: Selected item type: Device, id: 2115352179712
2025-04-06 21:16:25,961 - controllers.properties_controller - INFO - SELECTION DEBUG: Selected item type: Device, id: 2115352177264
2025-04-06 21:16:25,962 - controllers.properties_controller - INFO - SELECTION DEBUG: Selected item type: Device, id: 2115352180576
2025-04-06 21:16:25,962 - controllers.properties_controller - INFO - SELECTION DEBUG: Selected item type: Device, id: 2115352176832
2025-04-06 21:16:25,962 - controllers.properties_controller - INFO - SELECTION DEBUG: Updating properties panel
2025-04-06 21:16:25,962 - controllers.properties_controller - INFO - SELECTION DEBUG: Multiple items (5), filtered to 5 devices
2025-04-06 21:16:44,871 - views.main_window - INFO - GraphNIST diagram saved successfully
2025-04-06 21:17:21,030 - views.canvas.modes.add_boundary_mode - DEBUG - AddBoundaryMode: Starting boundary at 161.0, 145.0
2025-04-06 21:17:21,160 - controllers.properties_controller - INFO - SELECTION DEBUG: Selection changed with 5 items
2025-04-06 21:17:21,160 - controllers.properties_controller - INFO - SELECTION DEBUG: Selected item type: Device, id: 2115352181440
2025-04-06 21:17:21,160 - controllers.properties_controller - INFO - SELECTION DEBUG: Selected item type: Device, id: 2115352179712
2025-04-06 21:17:21,160 - controllers.properties_controller - INFO - SELECTION DEBUG: Selected item type: Device, id: 2115352177264
2025-04-06 21:17:21,160 - controllers.properties_controller - INFO - SELECTION DEBUG: Selected item type: Device, id: 2115352180576
2025-04-06 21:17:21,161 - controllers.properties_controller - INFO - SELECTION DEBUG: Selected item type: Device, id: 2115352176832
2025-04-06 21:17:21,161 - controllers.properties_controller - INFO - SELECTION DEBUG: Updating properties panel
2025-04-06 21:17:21,161 - controllers.properties_controller - INFO - SELECTION DEBUG: Multiple items (5), filtered to 5 devices
2025-04-06 21:17:22,037 - views.canvas.modes.add_boundary_mode - DEBUG - AddBoundaryMode: Starting boundary at -256.0, 343.0
2025-04-06 21:17:22,209 - controllers.properties_controller - INFO - SELECTION DEBUG: Selection changed with 5 items
2025-04-06 21:17:22,209 - controllers.properties_controller - INFO - SELECTION DEBUG: Selected item type: Device, id: 2115352181440
2025-04-06 21:17:22,209 - controllers.properties_controller - INFO - SELECTION DEBUG: Selected item type: Device, id: 2115352179712
2025-04-06 21:17:22,209 - controllers.properties_controller - INFO - SELECTION DEBUG: Selected item type: Device, id: 2115352177264
2025-04-06 21:17:22,209 - controllers.properties_controller - INFO - SELECTION DEBUG: Selected item type: Device, id: 2115352180576
2025-04-06 21:17:22,210 - controllers.properties_controller - INFO - SELECTION DEBUG: Selected item type: Device, id: 2115352176832
2025-04-06 21:17:22,210 - controllers.properties_controller - INFO - SELECTION DEBUG: Updating properties panel
2025-04-06 21:17:22,210 - controllers.properties_controller - INFO - SELECTION DEBUG: Multiple items (5), filtered to 5 devices
2025-04-06 21:17:27,096 - views.canvas.modes.select_mode - DEBUG - SelectMode: Activated
2025-04-06 21:17:27,096 - views.canvas.canvas - INFO - Canvas: Switching to mode Select Mode
2025-04-06 21:18:01,561 - utils.pdf_exporter - INFO - Scene rect for PDF export: PyQt5.QtCore.QRectF(-397.0, -353.0, 706.0, 721.0)
2025-04-06 21:18:01,562 - utils.pdf_exporter - INFO - Number of items in scene: 22
2025-04-06 21:18:01,562 - utils.pdf_exporter - INFO - Prepared 10 SVG items for PDF export
2025-04-06 21:18:01,562 - utils.pdf_exporter - INFO - Page rect for PDF export: PyQt5.QtCore.QRectF(0.0, 0.0, 3424.0, 2395.0)
2025-04-06 21:18:01,562 - utils.pdf_exporter - INFO - PDF scaling factor: 2.9895977808599166
2025-04-06 21:18:01,578 - utils.pdf_exporter - INFO - Canvas successfully exported to PDF: C:/Users/catas/Documents/test.pdf
2025-04-06 21:18:12,647 - models.device - DEBUG - CHANGE DEBUG: Device ' 3' selection changing to False
2025-04-06 21:18:12,647 - models.device - DEBUG - CHANGE DEBUG: Device ' 3' selection state changed to False
2025-04-06 21:18:12,647 - views.canvas.canvas - DEBUG - SELECTION DEBUG: Device selected:  3, is_selected=False
2025-04-06 21:18:12,647 - models.device - DEBUG - EMIT DEBUG: Emitted selected signal for device ' 3' with state False
2025-04-06 21:18:12,647 - models.device - DEBUG - CHANGE DEBUG: Device ' 1' selection changing to False
2025-04-06 21:18:12,648 - models.device - DEBUG - CHANGE DEBUG: Device ' 1' selection state changed to False
2025-04-06 21:18:12,648 - views.canvas.canvas - DEBUG - SELECTION DEBUG: Device selected:  1, is_selected=False
2025-04-06 21:18:12,648 - models.device - DEBUG - EMIT DEBUG: Emitted selected signal for device ' 1' with state False
2025-04-06 21:18:12,648 - models.device - DEBUG - CHANGE DEBUG: Device ' 5' selection changing to False
2025-04-06 21:18:12,648 - models.device - DEBUG - CHANGE DEBUG: Device ' 5' selection state changed to False
2025-04-06 21:18:12,648 - views.canvas.canvas - DEBUG - SELECTION DEBUG: Device selected:  5, is_selected=False
2025-04-06 21:18:12,648 - models.device - DEBUG - EMIT DEBUG: Emitted selected signal for device ' 5' with state False
2025-04-06 21:18:12,648 - models.device - DEBUG - CHANGE DEBUG: Device ' 2' selection changing to False
2025-04-06 21:18:12,648 - models.device - DEBUG - CHANGE DEBUG: Device ' 2' selection state changed to False
2025-04-06 21:18:12,648 - views.canvas.canvas - DEBUG - SELECTION DEBUG: Device selected:  2, is_selected=False
2025-04-06 21:18:12,648 - models.device - DEBUG - EMIT DEBUG: Emitted selected signal for device ' 2' with state False
2025-04-06 21:18:12,648 - models.device - DEBUG - CHANGE DEBUG: Device ' 4' selection changing to False
2025-04-06 21:18:12,648 - models.device - DEBUG - CHANGE DEBUG: Device ' 4' selection state changed to False
2025-04-06 21:18:12,648 - views.canvas.canvas - DEBUG - SELECTION DEBUG: Device selected:  4, is_selected=False
2025-04-06 21:18:12,648 - models.device - DEBUG - EMIT DEBUG: Emitted selected signal for device ' 4' with state False
2025-04-06 21:18:24,251 - utils.pdf_exporter - INFO - Scene rect for PDF export: PyQt5.QtCore.QRectF(-397.0, -353.0, 706.0, 721.0)
2025-04-06 21:18:24,251 - utils.pdf_exporter - INFO - Number of items in scene: 22
2025-04-06 21:18:24,251 - utils.pdf_exporter - INFO - Prepared 10 SVG items for PDF export
2025-04-06 21:18:24,252 - utils.pdf_exporter - INFO - Page rect for PDF export: PyQt5.QtCore.QRectF(0.0, 0.0, 3424.0, 2395.0)
2025-04-06 21:18:24,252 - utils.pdf_exporter - INFO - PDF scaling factor: 2.9895977808599166
2025-04-06 21:18:24,263 - utils.pdf_exporter - INFO - Canvas successfully exported to PDF: C:/Users/catas/Documents/test.pdf
