2025-04-06 20:08:42,579 - root - INFO - Logging configured. Log file: C:\Users\catas\Desktop\GraphNIST-1\src\logs\graphnist_20250406_200842.log
2025-04-06 20:08:42,593 - views.main_window - INFO - Application icon loaded from: C:\Users\catas\Desktop\GraphNIST-1\src\resources\icons\svg\shield_logo.svg
2025-04-06 20:08:42,595 - views.canvas.modes.select_mode - DEBUG - SelectMode: Activated
2025-04-06 20:08:42,595 - views.canvas.canvas - INFO - Canvas: Switching to mode Select Mode
2025-04-06 20:08:42,610 - utils.icon_manager - DEBUG - Trying to load icon: select_tool
2025-04-06 20:08:42,610 - utils.icon_manager - DEBUG - Found icon at absolute path: C:\Users\catas\Desktop\GraphNIST-1\src\resources\icons\svg\select_tool.svg
2025-04-06 20:08:42,610 - utils.icon_manager - DEBUG - Trying to load icon: add_device
2025-04-06 20:08:42,610 - utils.icon_manager - DEBUG - Mapped icon name from 'add_device' to 'device'
2025-04-06 20:08:42,610 - utils.icon_manager - DEBUG - Found icon at absolute path: C:\Users\catas\Desktop\GraphNIST-1\src\resources\icons\svg\device.svg
2025-04-06 20:08:42,611 - utils.icon_manager - DEBUG - Trying to load icon: add_connection
2025-04-06 20:08:42,611 - utils.icon_manager - DEBUG - Mapped icon name from 'add_connection' to 'connection_straight'
2025-04-06 20:08:42,611 - utils.icon_manager - DEBUG - Found icon at absolute path: C:\Users\catas\Desktop\GraphNIST-1\src\resources\icons\svg\connection_straight.svg
2025-04-06 20:08:42,611 - utils.icon_manager - DEBUG - Trying to load icon: add_boundary
2025-04-06 20:08:42,611 - utils.icon_manager - DEBUG - Mapped icon name from 'add_boundary' to 'device'
2025-04-06 20:08:42,611 - utils.icon_manager - DEBUG - Found icon at absolute path: C:\Users\catas\Desktop\GraphNIST-1\src\resources\icons\svg\device.svg
2025-04-06 20:08:42,612 - utils.icon_manager - DEBUG - Trying to load icon: delete
2025-04-06 20:08:42,612 - utils.icon_manager - DEBUG - Mapped icon name from 'delete' to 'device'
2025-04-06 20:08:42,612 - utils.icon_manager - DEBUG - Found icon at absolute path: C:\Users\catas\Desktop\GraphNIST-1\src\resources\icons\svg\device.svg
2025-04-06 20:08:42,612 - utils.icon_manager - DEBUG - Trying to load icon: copy
2025-04-06 20:08:42,612 - utils.icon_manager - DEBUG - Found icon at absolute path: C:\Users\catas\Desktop\GraphNIST-1\src\resources\icons\svg\copy.svg
2025-04-06 20:08:42,612 - utils.icon_manager - DEBUG - Trying to load icon: paste
2025-04-06 20:08:42,612 - utils.icon_manager - DEBUG - Found icon at absolute path: C:\Users\catas\Desktop\GraphNIST-1\src\resources\icons\svg\paste.svg
2025-04-06 20:08:42,614 - utils.icon_manager - DEBUG - Trying to load icon: connection_straight
2025-04-06 20:08:42,614 - utils.icon_manager - DEBUG - Found icon at absolute path: C:\Users\catas\Desktop\GraphNIST-1\src\resources\icons\svg\connection_straight.svg
2025-04-06 20:08:42,614 - utils.icon_manager - DEBUG - Trying to load icon: connection_orthogonal
2025-04-06 20:08:42,614 - utils.icon_manager - DEBUG - Found icon at absolute path: C:\Users\catas\Desktop\GraphNIST-1\src\resources\icons\svg\connection_orthogonal.svg
2025-04-06 20:08:42,614 - utils.icon_manager - DEBUG - Trying to load icon: connection_curved
2025-04-06 20:08:42,615 - utils.icon_manager - DEBUG - Found icon at absolute path: C:\Users\catas\Desktop\GraphNIST-1\src\resources\icons\svg\connection_curved.svg
2025-04-06 20:08:42,615 - utils.icon_manager - DEBUG - Trying to load icon: align
2025-04-06 20:08:42,615 - utils.icon_manager - DEBUG - Found icon at absolute path: C:\Users\catas\Desktop\GraphNIST-1\src\resources\icons\svg\align.svg
2025-04-06 20:08:42,616 - utils.icon_manager - DEBUG - Trying to load icon: magnify
2025-04-06 20:08:42,616 - utils.icon_manager - DEBUG - Found icon at absolute path: C:\Users\catas\Desktop\GraphNIST-1\src\resources\icons\svg\magnify.svg
2025-04-06 20:08:42,616 - utils.icon_manager - DEBUG - Trying to load icon: zoom_in
2025-04-06 20:08:42,616 - utils.icon_manager - DEBUG - Mapped icon name from 'zoom_in' to 'device'
2025-04-06 20:08:42,616 - utils.icon_manager - DEBUG - Found icon at absolute path: C:\Users\catas\Desktop\GraphNIST-1\src\resources\icons\svg\device.svg
2025-04-06 20:08:42,617 - utils.icon_manager - DEBUG - Trying to load icon: zoom_out
2025-04-06 20:08:42,617 - utils.icon_manager - DEBUG - Mapped icon name from 'zoom_out' to 'device'
2025-04-06 20:08:42,617 - utils.icon_manager - DEBUG - Found icon at absolute path: C:\Users\catas\Desktop\GraphNIST-1\src\resources\icons\svg\device.svg
2025-04-06 20:08:42,617 - utils.icon_manager - DEBUG - Trying to load icon: zoom_reset
2025-04-06 20:08:42,617 - utils.icon_manager - DEBUG - Mapped icon name from 'zoom_reset' to 'device'
2025-04-06 20:08:42,617 - utils.icon_manager - DEBUG - Found icon at absolute path: C:\Users\catas\Desktop\GraphNIST-1\src\resources\icons\svg\device.svg
2025-04-06 20:08:42,818 - views.main_window - INFO - Mode changed to: select
2025-04-06 20:08:43,160 - views.main_window - INFO - Properties controller initialized
