2025-04-06 20:31:05,892 - root - INFO - Logging configured. Log file: C:\Users\catas\Desktop\GraphNIST-1\src\logs\graphnist_20250406_203105.log
2025-04-06 20:31:05,907 - views.main_window - INFO - Application icon loaded from: C:\Users\catas\Desktop\GraphNIST-1\src\resources\icons\svg\shield_logo.svg
2025-04-06 20:31:05,908 - views.canvas.modes.select_mode - DEBUG - SelectMode: Activated
2025-04-06 20:31:05,908 - views.canvas.canvas - INFO - Canvas: Switching to mode Select Mode
2025-04-06 20:31:05,922 - utils.icon_manager - DEBUG - Trying to load icon: select_tool
2025-04-06 20:31:05,922 - utils.icon_manager - DEBUG - Found icon at absolute path: C:\Users\catas\Desktop\GraphNIST-1\src\resources\icons\svg\select_tool.svg
2025-04-06 20:31:05,923 - utils.icon_manager - DEBUG - Trying to load icon: add_device
2025-04-06 20:31:05,923 - utils.icon_manager - DEBUG - Found icon at absolute path: C:\Users\catas\Desktop\GraphNIST-1\src\resources\icons\svg\add_device.svg
2025-04-06 20:31:05,924 - utils.icon_manager - DEBUG - Trying to load icon: add_connection
2025-04-06 20:31:05,924 - utils.icon_manager - DEBUG - Found icon at absolute path: C:\Users\catas\Desktop\GraphNIST-1\src\resources\icons\svg\add_connection.svg
2025-04-06 20:31:05,924 - utils.icon_manager - DEBUG - Trying to load icon: add_boundary
2025-04-06 20:31:05,924 - utils.icon_manager - DEBUG - Found icon at absolute path: C:\Users\catas\Desktop\GraphNIST-1\src\resources\icons\svg\add_boundary.svg
2025-04-06 20:31:05,924 - utils.icon_manager - DEBUG - Trying to load icon: delete
2025-04-06 20:31:05,925 - utils.icon_manager - DEBUG - Found icon at absolute path: C:\Users\catas\Desktop\GraphNIST-1\src\resources\icons\svg\delete.svg
2025-04-06 20:31:05,925 - utils.icon_manager - DEBUG - Trying to load icon: copy
2025-04-06 20:31:05,925 - utils.icon_manager - DEBUG - Found icon at absolute path: C:\Users\catas\Desktop\GraphNIST-1\src\resources\icons\svg\copy.svg
2025-04-06 20:31:05,925 - utils.icon_manager - DEBUG - Trying to load icon: paste
2025-04-06 20:31:05,925 - utils.icon_manager - DEBUG - Found icon at absolute path: C:\Users\catas\Desktop\GraphNIST-1\src\resources\icons\svg\paste.svg
2025-04-06 20:31:05,927 - utils.icon_manager - DEBUG - Trying to load icon: connection_straight
2025-04-06 20:31:05,927 - utils.icon_manager - DEBUG - Found icon at absolute path: C:\Users\catas\Desktop\GraphNIST-1\src\resources\icons\svg\connection_straight.svg
2025-04-06 20:31:05,927 - utils.icon_manager - DEBUG - Trying to load icon: connection_orthogonal
2025-04-06 20:31:05,927 - utils.icon_manager - DEBUG - Found icon at absolute path: C:\Users\catas\Desktop\GraphNIST-1\src\resources\icons\svg\connection_orthogonal.svg
2025-04-06 20:31:05,928 - utils.icon_manager - DEBUG - Trying to load icon: connection_curved
2025-04-06 20:31:05,928 - utils.icon_manager - DEBUG - Found icon at absolute path: C:\Users\catas\Desktop\GraphNIST-1\src\resources\icons\svg\connection_curved.svg
2025-04-06 20:31:05,928 - utils.icon_manager - DEBUG - Trying to load icon: align
2025-04-06 20:31:05,928 - utils.icon_manager - DEBUG - Found icon at absolute path: C:\Users\catas\Desktop\GraphNIST-1\src\resources\icons\svg\align.svg
2025-04-06 20:31:05,929 - utils.icon_manager - DEBUG - Trying to load icon: magnify
2025-04-06 20:31:05,929 - utils.icon_manager - DEBUG - Found icon at absolute path: C:\Users\catas\Desktop\GraphNIST-1\src\resources\icons\svg\magnify.svg
2025-04-06 20:31:05,929 - utils.icon_manager - DEBUG - Trying to load icon: zoom_in
2025-04-06 20:31:05,929 - utils.icon_manager - DEBUG - Found icon at absolute path: C:\Users\catas\Desktop\GraphNIST-1\src\resources\icons\svg\zoom_in.svg
2025-04-06 20:31:05,929 - utils.icon_manager - DEBUG - Trying to load icon: zoom_out
2025-04-06 20:31:05,930 - utils.icon_manager - DEBUG - Found icon at absolute path: C:\Users\catas\Desktop\GraphNIST-1\src\resources\icons\svg\zoom_out.svg
2025-04-06 20:31:05,930 - utils.icon_manager - DEBUG - Trying to load icon: zoom_reset
2025-04-06 20:31:05,930 - utils.icon_manager - DEBUG - Found icon at absolute path: C:\Users\catas\Desktop\GraphNIST-1\src\resources\icons\svg\zoom_reset.svg
2025-04-06 20:31:06,133 - views.main_window - INFO - Mode changed to: select
2025-04-06 20:31:06,475 - views.main_window - INFO - Properties controller initialized
